::1 - - [31/Dec/2020:13:12:10 +0800] "GET / HTTP/1.1" 302 - "-" "Mozilla/5.0 (Windows NT 10.0; Win64; x64) AppleWebKit/537.36 (KHTML, like Gecko) Chrome/87.0.4280.88 Safari/537.36"
::1 - - [31/Dec/2020:13:12:10 +0800] "GET /dashboard/ HTTP/1.1" 200 7577 "-" "Mozilla/5.0 (Windows NT 10.0; Win64; x64) AppleWebKit/537.36 (KHTML, like Gecko) Chrome/87.0.4280.88 Safari/537.36"
::1 - - [31/Dec/2020:13:12:10 +0800] "GET /dashboard/stylesheets/normalize.css HTTP/1.1" 200 6876 "http://localhost/dashboard/" "Mozilla/5.0 (Windows NT 10.0; Win64; x64) AppleWebKit/537.36 (KHTML, like Gecko) Chrome/87.0.4280.88 Safari/537.36"
::1 - - [31/Dec/2020:13:12:10 +0800] "GET /dashboard/stylesheets/all.css HTTP/1.1" 200 481698 "http://localhost/dashboard/" "Mozilla/5.0 (Windows NT 10.0; Win64; x64) AppleWebKit/537.36 (KHTML, like Gecko) Chrome/87.0.4280.88 Safari/537.36"
::1 - - [31/Dec/2020:13:12:10 +0800] "GET /dashboard/javascripts/modernizr.js HTTP/1.1" 200 51365 "http://localhost/dashboard/" "Mozilla/5.0 (Windows NT 10.0; Win64; x64) AppleWebKit/537.36 (KHTML, like Gecko) Chrome/87.0.4280.88 Safari/537.36"
::1 - - [31/Dec/2020:13:12:10 +0800] "GET /dashboard/javascripts/all.js HTTP/1.1" 200 188385 "http://localhost/dashboard/" "Mozilla/5.0 (Windows NT 10.0; Win64; x64) AppleWebKit/537.36 (KHTML, like Gecko) Chrome/87.0.4280.88 Safari/537.36"
::1 - - [31/Dec/2020:13:12:10 +0800] "GET /dashboard/images/xampp-logo.svg HTTP/1.1" 200 5427 "http://localhost/dashboard/" "Mozilla/5.0 (Windows NT 10.0; Win64; x64) AppleWebKit/537.36 (KHTML, like Gecko) Chrome/87.0.4280.88 Safari/537.36"
::1 - - [31/Dec/2020:13:12:10 +0800] "GET /dashboard/images/bitnami-xampp.png HTTP/1.1" 200 22133 "http://localhost/dashboard/" "Mozilla/5.0 (Windows NT 10.0; Win64; x64) AppleWebKit/537.36 (KHTML, like Gecko) Chrome/87.0.4280.88 Safari/537.36"
::1 - - [31/Dec/2020:13:12:10 +0800] "GET /dashboard/images/fastly-logo.png HTTP/1.1" 200 1770 "http://localhost/dashboard/" "Mozilla/5.0 (Windows NT 10.0; Win64; x64) AppleWebKit/537.36 (KHTML, like Gecko) Chrome/87.0.4280.88 Safari/537.36"
::1 - - [31/Dec/2020:13:12:10 +0800] "GET /dashboard/images/social-icons.png HTTP/1.1" 200 3361 "http://localhost/dashboard/stylesheets/all.css" "Mozilla/5.0 (Windows NT 10.0; Win64; x64) AppleWebKit/537.36 (KHTML, like Gecko) Chrome/87.0.4280.88 Safari/537.36"
::1 - - [31/Dec/2020:13:12:10 +0800] "GET /dashboard/images/favicon.png HTTP/1.1" 200 2508 "http://localhost/dashboard/" "Mozilla/5.0 (Windows NT 10.0; Win64; x64) AppleWebKit/537.36 (KHTML, like Gecko) Chrome/87.0.4280.88 Safari/537.36"
::1 - - [31/Dec/2020:13:28:58 +0800] "GET /dashboard/ HTTP/1.1" 304 - "-" "Mozilla/5.0 (Windows NT 10.0; Win64; x64) AppleWebKit/537.36 (KHTML, like Gecko) Chrome/87.0.4280.88 Safari/537.36"
::1 - - [31/Dec/2020:13:28:58 +0800] "GET /dashboard/images/favicon.png HTTP/1.1" 200 2508 "http://localhost/dashboard/" "Mozilla/5.0 (Windows NT 10.0; Win64; x64) AppleWebKit/537.36 (KHTML, like Gecko) Chrome/87.0.4280.88 Safari/537.36"
::1 - - [31/Dec/2020:13:29:06 +0800] "GET /dashboard/get_data HTTP/1.1" 404 296 "-" "Mozilla/5.0 (Windows NT 10.0; Win64; x64) AppleWebKit/537.36 (KHTML, like Gecko) Chrome/87.0.4280.88 Safari/537.36"
::1 - - [31/Dec/2020:13:29:06 +0800] "GET /favicon.ico HTTP/1.1" 200 30894 "http://localhost/dashboard/get_data" "Mozilla/5.0 (Windows NT 10.0; Win64; x64) AppleWebKit/537.36 (KHTML, like Gecko) Chrome/87.0.4280.88 Safari/537.36"
::1 - - [31/Dec/2020:13:29:11 +0800] "GET /dashboard/get_data.php HTTP/1.1" 404 296 "-" "Mozilla/5.0 (Windows NT 10.0; Win64; x64) AppleWebKit/537.36 (KHTML, like Gecko) Chrome/87.0.4280.88 Safari/537.36"
::1 - - [31/Dec/2020:13:29:57 +0800] "GET /dashboard/get_data.php HTTP/1.1" 404 296 "-" "Mozilla/5.0 (Windows NT 10.0; Win64; x64) AppleWebKit/537.36 (KHTML, like Gecko) Chrome/87.0.4280.88 Safari/537.36"
::1 - - [31/Dec/2020:13:29:57 +0800] "GET /favicon.ico HTTP/1.1" 200 30894 "http://localhost/dashboard/get_data.php" "Mozilla/5.0 (Windows NT 10.0; Win64; x64) AppleWebKit/537.36 (KHTML, like Gecko) Chrome/87.0.4280.88 Safari/537.36"
::1 - - [31/Dec/2020:13:30:11 +0800] "GET /getdata.php HTTP/1.1" 200 25 "http://localhost:3000/" "Mozilla/5.0 (Windows NT 10.0; Win64; x64) AppleWebKit/537.36 (KHTML, like Gecko) Chrome/87.0.4280.88 Safari/537.36"
::1 - - [31/Dec/2020:13:30:25 +0800] "GET /getdata.php HTTP/1.1" 200 25 "-" "Mozilla/5.0 (Windows NT 10.0; Win64; x64) AppleWebKit/537.36 (KHTML, like Gecko) Chrome/87.0.4280.88 Safari/537.36"
::1 - - [31/Dec/2020:13:30:43 +0800] "GET /getdata.php HTTP/1.1" 200 25 "http://localhost:3000/" "Mozilla/5.0 (Windows NT 10.0; Win64; x64) AppleWebKit/537.36 (KHTML, like Gecko) Chrome/87.0.4280.88 Safari/537.36"
::1 - - [31/Dec/2020:13:30:51 +0800] "GET /getdata.php HTTP/1.1" 200 25 "-" "Mozilla/5.0 (Windows NT 10.0; Win64; x64) AppleWebKit/537.36 (KHTML, like Gecko) Chrome/87.0.4280.88 Safari/537.36"
::1 - - [31/Dec/2020:13:30:51 +0800] "GET /favicon.ico HTTP/1.1" 200 30894 "http://localhost/getdata.php" "Mozilla/5.0 (Windows NT 10.0; Win64; x64) AppleWebKit/537.36 (KHTML, like Gecko) Chrome/87.0.4280.88 Safari/537.36"
::1 - - [31/Dec/2020:13:31:42 +0800] "GET /get_data.php HTTP/1.1" 200 25 "-" "Mozilla/5.0 (Windows NT 10.0; Win64; x64) AppleWebKit/537.36 (KHTML, like Gecko) Chrome/87.0.4280.88 Safari/537.36"
::1 - - [31/Dec/2020:13:31:47 +0800] "GET /get_data.php HTTP/1.1" 200 25 "http://localhost:3000/" "Mozilla/5.0 (Windows NT 10.0; Win64; x64) AppleWebKit/537.36 (KHTML, like Gecko) Chrome/87.0.4280.88 Safari/537.36"
::1 - - [31/Dec/2020:13:31:49 +0800] "GET /get_data.php HTTP/1.1" 200 25 "http://localhost:3000/" "Mozilla/5.0 (Windows NT 10.0; Win64; x64) AppleWebKit/537.36 (KHTML, like Gecko) Chrome/87.0.4280.88 Safari/537.36"
::1 - - [31/Dec/2020:13:34:24 +0800] "GET /info.php HTTP/1.1" 404 296 "-" "Mozilla/5.0 (Windows NT 10.0; Win64; x64) AppleWebKit/537.36 (KHTML, like Gecko) Chrome/87.0.4280.88 Safari/537.36"
::1 - - [31/Dec/2020:13:35:08 +0800] "GET /info.php HTTP/1.1" 404 296 "-" "Mozilla/5.0 (Windows NT 10.0; Win64; x64) AppleWebKit/537.36 (KHTML, like Gecko) Chrome/87.0.4280.88 Safari/537.36"
::1 - - [31/Dec/2020:13:35:08 +0800] "GET /favicon.ico HTTP/1.1" 200 30894 "http://localhost/info.php" "Mozilla/5.0 (Windows NT 10.0; Win64; x64) AppleWebKit/537.36 (KHTML, like Gecko) Chrome/87.0.4280.88 Safari/537.36"
::1 - - [31/Dec/2020:13:35:09 +0800] "GET /info.php HTTP/1.1" 404 296 "-" "Mozilla/5.0 (Windows NT 10.0; Win64; x64) AppleWebKit/537.36 (KHTML, like Gecko) Chrome/87.0.4280.88 Safari/537.36"
::1 - - [31/Dec/2020:13:35:09 +0800] "GET /favicon.ico HTTP/1.1" 200 30894 "http://localhost/info.php" "Mozilla/5.0 (Windows NT 10.0; Win64; x64) AppleWebKit/537.36 (KHTML, like Gecko) Chrome/87.0.4280.88 Safari/537.36"
::1 - - [31/Dec/2020:13:35:09 +0800] "GET /info.php HTTP/1.1" 404 296 "-" "Mozilla/5.0 (Windows NT 10.0; Win64; x64) AppleWebKit/537.36 (KHTML, like Gecko) Chrome/87.0.4280.88 Safari/537.36"
::1 - - [31/Dec/2020:13:35:09 +0800] "GET /favicon.ico HTTP/1.1" 200 30894 "http://localhost/info.php" "Mozilla/5.0 (Windows NT 10.0; Win64; x64) AppleWebKit/537.36 (KHTML, like Gecko) Chrome/87.0.4280.88 Safari/537.36"
::1 - - [31/Dec/2020:13:35:09 +0800] "GET /info.php HTTP/1.1" 404 296 "-" "Mozilla/5.0 (Windows NT 10.0; Win64; x64) AppleWebKit/537.36 (KHTML, like Gecko) Chrome/87.0.4280.88 Safari/537.36"
::1 - - [31/Dec/2020:13:35:09 +0800] "GET /favicon.ico HTTP/1.1" 200 30894 "http://localhost/info.php" "Mozilla/5.0 (Windows NT 10.0; Win64; x64) AppleWebKit/537.36 (KHTML, like Gecko) Chrome/87.0.4280.88 Safari/537.36"
::1 - - [31/Dec/2020:13:35:09 +0800] "GET /info.php HTTP/1.1" 404 296 "-" "Mozilla/5.0 (Windows NT 10.0; Win64; x64) AppleWebKit/537.36 (KHTML, like Gecko) Chrome/87.0.4280.88 Safari/537.36"
::1 - - [31/Dec/2020:13:35:09 +0800] "GET /favicon.ico HTTP/1.1" 200 30894 "http://localhost/info.php" "Mozilla/5.0 (Windows NT 10.0; Win64; x64) AppleWebKit/537.36 (KHTML, like Gecko) Chrome/87.0.4280.88 Safari/537.36"
::1 - - [31/Dec/2020:13:35:26 +0800] "GET /info.php HTTP/1.1" 200 304 "-" "Mozilla/5.0 (Windows NT 10.0; Win64; x64) AppleWebKit/537.36 (KHTML, like Gecko) Chrome/87.0.4280.88 Safari/537.36"
::1 - - [31/Dec/2020:13:35:27 +0800] "GET /favicon.ico HTTP/1.1" 200 30894 "http://localhost/info.php" "Mozilla/5.0 (Windows NT 10.0; Win64; x64) AppleWebKit/537.36 (KHTML, like Gecko) Chrome/87.0.4280.88 Safari/537.36"
::1 - - [31/Dec/2020:13:35:32 +0800] "GET /info.php HTTP/1.1" 200 83371 "-" "Mozilla/5.0 (Windows NT 10.0; Win64; x64) AppleWebKit/537.36 (KHTML, like Gecko) Chrome/87.0.4280.88 Safari/537.36"
::1 - - [31/Dec/2020:13:35:32 +0800] "GET /favicon.ico HTTP/1.1" 200 30894 "http://localhost/info.php" "Mozilla/5.0 (Windows NT 10.0; Win64; x64) AppleWebKit/537.36 (KHTML, like Gecko) Chrome/87.0.4280.88 Safari/537.36"
::1 - - [31/Dec/2020:13:35:58 +0800] "GET /index.php HTTP/1.1" 302 - "-" "Mozilla/5.0 (Windows NT 10.0; Win64; x64) AppleWebKit/537.36 (KHTML, like Gecko) Chrome/87.0.4280.88 Safari/537.36"
::1 - - [31/Dec/2020:13:36:42 +0800] "GET /info.php HTTP/1.1" 200 83135 "-" "Mozilla/5.0 (Windows NT 10.0; Win64; x64) AppleWebKit/537.36 (KHTML, like Gecko) Chrome/87.0.4280.88 Safari/537.36"
::1 - - [31/Dec/2020:13:37:08 +0800] "GET /get_data.php HTTP/1.1" 200 25 "-" "Mozilla/5.0 (Windows NT 10.0; Win64; x64) AppleWebKit/537.36 (KHTML, like Gecko) Chrome/87.0.4280.88 Safari/537.36"
::1 - - [31/Dec/2020:13:37:12 +0800] "GET /get_data.php HTTP/1.1" 200 25 "http://localhost:3000/" "Mozilla/5.0 (Windows NT 10.0; Win64; x64) AppleWebKit/537.36 (KHTML, like Gecko) Chrome/87.0.4280.88 Safari/537.36"
::1 - - [31/Dec/2020:13:38:23 +0800] "GET /get_data.php HTTP/1.1" 200 25 "http://localhost:3000/" "Mozilla/5.0 (Windows NT 10.0; Win64; x64) AppleWebKit/537.36 (KHTML, like Gecko) Chrome/87.0.4280.88 Safari/537.36"
::1 - - [31/Dec/2020:13:38:32 +0800] "GET /get_data.php HTTP/1.1" 200 25 "http://localhost:3000/" "Mozilla/5.0 (Windows NT 10.0; Win64; x64) AppleWebKit/537.36 (KHTML, like Gecko) Chrome/87.0.4280.88 Safari/537.36"
::1 - - [31/Dec/2020:13:38:44 +0800] "GET /get_data.php HTTP/1.1" 200 25 "http://localhost:3000/" "Mozilla/5.0 (Windows NT 10.0; Win64; x64) AppleWebKit/537.36 (KHTML, like Gecko) Chrome/87.0.4280.88 Safari/537.36"
::1 - - [31/Dec/2020:13:39:55 +0800] "GET /get_data.php HTTP/1.1" 200 25 "http://localhost:3000/" "Mozilla/5.0 (Windows NT 10.0; Win64; x64) AppleWebKit/537.36 (KHTML, like Gecko) Chrome/87.0.4280.88 Safari/537.36"
::1 - - [31/Dec/2020:13:40:02 +0800] "GET /get_data.php HTTP/1.1" 200 25 "http://localhost:3000/" "Mozilla/5.0 (Windows NT 10.0; Win64; x64) AppleWebKit/537.36 (KHTML, like Gecko) Chrome/87.0.4280.88 Safari/537.36"
::1 - - [31/Dec/2020:13:40:53 +0800] "GET /get_data.php HTTP/1.1" 200 25 "http://localhost:3000/" "Mozilla/5.0 (Windows NT 10.0; Win64; x64) AppleWebKit/537.36 (KHTML, like Gecko) Chrome/87.0.4280.88 Safari/537.36"
::1 - - [31/Dec/2020:13:43:17 +0800] "GET /get_data.php HTTP/1.1" 200 25 "http://localhost:3000/" "Mozilla/5.0 (Windows NT 10.0; Win64; x64) AppleWebKit/537.36 (KHTML, like Gecko) Chrome/87.0.4280.88 Safari/537.36"
::1 - - [31/Dec/2020:13:52:26 +0800] "GET /get_data.php HTTP/1.1" 200 25 "http://localhost:3000/" "Mozilla/5.0 (Windows NT 10.0; Win64; x64) AppleWebKit/537.36 (KHTML, like Gecko) Chrome/87.0.4280.88 Safari/537.36"
::1 - - [31/Dec/2020:13:52:27 +0800] "GET /get_data.php HTTP/1.1" 200 25 "http://localhost:3000/" "Mozilla/5.0 (Windows NT 10.0; Win64; x64) AppleWebKit/537.36 (KHTML, like Gecko) Chrome/87.0.4280.88 Safari/537.36"
::1 - - [31/Dec/2020:13:52:27 +0800] "GET /get_data.php HTTP/1.1" 200 25 "http://localhost:3000/" "Mozilla/5.0 (Windows NT 10.0; Win64; x64) AppleWebKit/537.36 (KHTML, like Gecko) Chrome/87.0.4280.88 Safari/537.36"
::1 - - [31/Dec/2020:13:52:27 +0800] "GET /get_data.php HTTP/1.1" 200 25 "http://localhost:3000/" "Mozilla/5.0 (Windows NT 10.0; Win64; x64) AppleWebKit/537.36 (KHTML, like Gecko) Chrome/87.0.4280.88 Safari/537.36"
::1 - - [31/Dec/2020:14:03:30 +0800] "POST /get_data.php?f=1 HTTP/1.1" 200 25 "http://localhost:3000/" "Mozilla/5.0 (Windows NT 10.0; Win64; x64) AppleWebKit/537.36 (KHTML, like Gecko) Chrome/87.0.4280.88 Safari/537.36"
::1 - - [31/Dec/2020:14:06:17 +0800] "POST /get_data.php?f=1 HTTP/1.1" 200 260 "http://localhost:3000/" "Mozilla/5.0 (Windows NT 10.0; Win64; x64) AppleWebKit/537.36 (KHTML, like Gecko) Chrome/87.0.4280.88 Safari/537.36"
::1 - - [31/Dec/2020:14:06:18 +0800] "POST /get_data.php?f=1 HTTP/1.1" 200 260 "http://localhost:3000/" "Mozilla/5.0 (Windows NT 10.0; Win64; x64) AppleWebKit/537.36 (KHTML, like Gecko) Chrome/87.0.4280.88 Safari/537.36"
::1 - - [31/Dec/2020:14:06:18 +0800] "POST /get_data.php?f=1 HTTP/1.1" 200 260 "http://localhost:3000/" "Mozilla/5.0 (Windows NT 10.0; Win64; x64) AppleWebKit/537.36 (KHTML, like Gecko) Chrome/87.0.4280.88 Safari/537.36"
::1 - - [31/Dec/2020:14:06:19 +0800] "POST /get_data.php?f=1 HTTP/1.1" 200 260 "http://localhost:3000/" "Mozilla/5.0 (Windows NT 10.0; Win64; x64) AppleWebKit/537.36 (KHTML, like Gecko) Chrome/87.0.4280.88 Safari/537.36"
::1 - - [31/Dec/2020:14:06:20 +0800] "POST /get_data.php?f=1 HTTP/1.1" 200 260 "http://localhost:3000/" "Mozilla/5.0 (Windows NT 10.0; Win64; x64) AppleWebKit/537.36 (KHTML, like Gecko) Chrome/87.0.4280.88 Safari/537.36"
::1 - - [31/Dec/2020:14:07:03 +0800] "POST /get_data.php?f=1 HTTP/1.1" 200 260 "http://localhost:3000/" "Mozilla/5.0 (Windows NT 10.0; Win64; x64) AppleWebKit/537.36 (KHTML, like Gecko) Chrome/87.0.4280.88 Safari/537.36"
::1 - - [31/Dec/2020:14:07:04 +0800] "GET /get_data.php HTTP/1.1" 200 25 "http://localhost:3000/" "Mozilla/5.0 (Windows NT 10.0; Win64; x64) AppleWebKit/537.36 (KHTML, like Gecko) Chrome/87.0.4280.88 Safari/537.36"
::1 - - [31/Dec/2020:14:07:04 +0800] "POST /get_data.php?f=1 HTTP/1.1" 200 260 "http://localhost:3000/" "Mozilla/5.0 (Windows NT 10.0; Win64; x64) AppleWebKit/537.36 (KHTML, like Gecko) Chrome/87.0.4280.88 Safari/537.36"
::1 - - [31/Dec/2020:14:07:05 +0800] "POST /get_data.php?f=1 HTTP/1.1" 200 260 "http://localhost:3000/" "Mozilla/5.0 (Windows NT 10.0; Win64; x64) AppleWebKit/537.36 (KHTML, like Gecko) Chrome/87.0.4280.88 Safari/537.36"
::1 - - [31/Dec/2020:14:07:05 +0800] "POST /get_data.php?f=1 HTTP/1.1" 200 260 "http://localhost:3000/" "Mozilla/5.0 (Windows NT 10.0; Win64; x64) AppleWebKit/537.36 (KHTML, like Gecko) Chrome/87.0.4280.88 Safari/537.36"
::1 - - [31/Dec/2020:14:07:05 +0800] "POST /get_data.php?f=1 HTTP/1.1" 200 260 "http://localhost:3000/" "Mozilla/5.0 (Windows NT 10.0; Win64; x64) AppleWebKit/537.36 (KHTML, like Gecko) Chrome/87.0.4280.88 Safari/537.36"
::1 - - [31/Dec/2020:14:07:06 +0800] "GET /get_data.php HTTP/1.1" 200 25 "http://localhost:3000/" "Mozilla/5.0 (Windows NT 10.0; Win64; x64) AppleWebKit/537.36 (KHTML, like Gecko) Chrome/87.0.4280.88 Safari/537.36"
::1 - - [31/Dec/2020:14:07:11 +0800] "POST /get_data.php?f=1 HTTP/1.1" 200 260 "http://localhost:3000/" "Mozilla/5.0 (Windows NT 10.0; Win64; x64) AppleWebKit/537.36 (KHTML, like Gecko) Chrome/87.0.4280.88 Safari/537.36"
::1 - - [31/Dec/2020:14:07:33 +0800] "POST /get_data.php?f=1 HTTP/1.1" 200 260 "http://localhost:3000/" "Mozilla/5.0 (Windows NT 10.0; Win64; x64) AppleWebKit/537.36 (KHTML, like Gecko) Chrome/87.0.4280.88 Safari/537.36"
::1 - - [31/Dec/2020:14:09:28 +0800] "GET /get_data.php HTTP/1.1" 200 25 "-" "Mozilla/5.0 (Windows NT 10.0; Win64; x64) AppleWebKit/537.36 (KHTML, like Gecko) Chrome/87.0.4280.88 Safari/537.36"
::1 - - [31/Dec/2020:14:09:28 +0800] "GET /favicon.ico HTTP/1.1" 200 30894 "http://localhost/get_data.php" "Mozilla/5.0 (Windows NT 10.0; Win64; x64) AppleWebKit/537.36 (KHTML, like Gecko) Chrome/87.0.4280.88 Safari/537.36"
::1 - - [31/Dec/2020:14:09:29 +0800] "GET /get_data.php HTTP/1.1" 200 25 "-" "Mozilla/5.0 (Windows NT 10.0; Win64; x64) AppleWebKit/537.36 (KHTML, like Gecko) Chrome/87.0.4280.88 Safari/537.36"
::1 - - [31/Dec/2020:14:09:29 +0800] "GET /favicon.ico HTTP/1.1" 200 30894 "http://localhost/get_data.php" "Mozilla/5.0 (Windows NT 10.0; Win64; x64) AppleWebKit/537.36 (KHTML, like Gecko) Chrome/87.0.4280.88 Safari/537.36"
::1 - - [31/Dec/2020:14:09:29 +0800] "GET /get_data.php HTTP/1.1" 200 25 "-" "Mozilla/5.0 (Windows NT 10.0; Win64; x64) AppleWebKit/537.36 (KHTML, like Gecko) Chrome/87.0.4280.88 Safari/537.36"
::1 - - [31/Dec/2020:14:09:29 +0800] "GET /favicon.ico HTTP/1.1" 200 30894 "http://localhost/get_data.php" "Mozilla/5.0 (Windows NT 10.0; Win64; x64) AppleWebKit/537.36 (KHTML, like Gecko) Chrome/87.0.4280.88 Safari/537.36"
::1 - - [31/Dec/2020:14:09:29 +0800] "GET /get_data.php HTTP/1.1" 200 25 "-" "Mozilla/5.0 (Windows NT 10.0; Win64; x64) AppleWebKit/537.36 (KHTML, like Gecko) Chrome/87.0.4280.88 Safari/537.36"
::1 - - [31/Dec/2020:14:09:29 +0800] "GET /favicon.ico HTTP/1.1" 200 30894 "http://localhost/get_data.php" "Mozilla/5.0 (Windows NT 10.0; Win64; x64) AppleWebKit/537.36 (KHTML, like Gecko) Chrome/87.0.4280.88 Safari/537.36"
::1 - - [31/Dec/2020:14:09:29 +0800] "GET /get_data.php HTTP/1.1" 200 25 "-" "Mozilla/5.0 (Windows NT 10.0; Win64; x64) AppleWebKit/537.36 (KHTML, like Gecko) Chrome/87.0.4280.88 Safari/537.36"
::1 - - [31/Dec/2020:14:09:29 +0800] "GET /favicon.ico HTTP/1.1" 200 30894 "http://localhost/get_data.php" "Mozilla/5.0 (Windows NT 10.0; Win64; x64) AppleWebKit/537.36 (KHTML, like Gecko) Chrome/87.0.4280.88 Safari/537.36"
::1 - - [31/Dec/2020:14:09:30 +0800] "GET /get_data.php HTTP/1.1" 200 25 "-" "Mozilla/5.0 (Windows NT 10.0; Win64; x64) AppleWebKit/537.36 (KHTML, like Gecko) Chrome/87.0.4280.88 Safari/537.36"
::1 - - [31/Dec/2020:14:09:30 +0800] "GET /favicon.ico HTTP/1.1" 200 30894 "http://localhost/get_data.php" "Mozilla/5.0 (Windows NT 10.0; Win64; x64) AppleWebKit/537.36 (KHTML, like Gecko) Chrome/87.0.4280.88 Safari/537.36"
::1 - - [31/Dec/2020:14:09:30 +0800] "GET /get_data.php HTTP/1.1" 200 25 "-" "Mozilla/5.0 (Windows NT 10.0; Win64; x64) AppleWebKit/537.36 (KHTML, like Gecko) Chrome/87.0.4280.88 Safari/537.36"
::1 - - [31/Dec/2020:14:09:30 +0800] "GET /favicon.ico HTTP/1.1" 200 30894 "http://localhost/get_data.php" "Mozilla/5.0 (Windows NT 10.0; Win64; x64) AppleWebKit/537.36 (KHTML, like Gecko) Chrome/87.0.4280.88 Safari/537.36"
::1 - - [31/Dec/2020:14:09:30 +0800] "GET /get_data.php HTTP/1.1" 200 25 "-" "Mozilla/5.0 (Windows NT 10.0; Win64; x64) AppleWebKit/537.36 (KHTML, like Gecko) Chrome/87.0.4280.88 Safari/537.36"
::1 - - [31/Dec/2020:14:09:30 +0800] "GET /favicon.ico HTTP/1.1" 200 30894 "http://localhost/get_data.php" "Mozilla/5.0 (Windows NT 10.0; Win64; x64) AppleWebKit/537.36 (KHTML, like Gecko) Chrome/87.0.4280.88 Safari/537.36"
::1 - - [31/Dec/2020:14:09:30 +0800] "GET /get_data.php HTTP/1.1" 200 25 "-" "Mozilla/5.0 (Windows NT 10.0; Win64; x64) AppleWebKit/537.36 (KHTML, like Gecko) Chrome/87.0.4280.88 Safari/537.36"
::1 - - [31/Dec/2020:14:09:30 +0800] "GET /favicon.ico HTTP/1.1" 200 30894 "http://localhost/get_data.php" "Mozilla/5.0 (Windows NT 10.0; Win64; x64) AppleWebKit/537.36 (KHTML, like Gecko) Chrome/87.0.4280.88 Safari/537.36"
::1 - - [31/Dec/2020:14:09:34 +0800] "POST /get_data.php?f=1 HTTP/1.1" 200 260 "http://localhost:3000/" "Mozilla/5.0 (Windows NT 10.0; Win64; x64) AppleWebKit/537.36 (KHTML, like Gecko) Chrome/87.0.4280.88 Safari/537.36"
::1 - - [31/Dec/2020:14:09:34 +0800] "GET /get_data.php HTTP/1.1" 200 25 "http://localhost:3000/" "Mozilla/5.0 (Windows NT 10.0; Win64; x64) AppleWebKit/537.36 (KHTML, like Gecko) Chrome/87.0.4280.88 Safari/537.36"
::1 - - [31/Dec/2020:14:09:35 +0800] "POST /get_data.php?f=1 HTTP/1.1" 200 260 "http://localhost:3000/" "Mozilla/5.0 (Windows NT 10.0; Win64; x64) AppleWebKit/537.36 (KHTML, like Gecko) Chrome/87.0.4280.88 Safari/537.36"
::1 - - [31/Dec/2020:14:09:49 +0800] "GET /get_data.php HTTP/1.1" 200 25 "http://localhost:3000/" "Mozilla/5.0 (Windows NT 10.0; Win64; x64) AppleWebKit/537.36 (KHTML, like Gecko) Chrome/87.0.4280.88 Safari/537.36"
::1 - - [31/Dec/2020:14:09:52 +0800] "POST /get_data.php?f=1 HTTP/1.1" 200 260 "http://localhost:3000/" "Mozilla/5.0 (Windows NT 10.0; Win64; x64) AppleWebKit/537.36 (KHTML, like Gecko) Chrome/87.0.4280.88 Safari/537.36"
::1 - - [31/Dec/2020:14:09:53 +0800] "POST /get_data.php?f=1 HTTP/1.1" 200 260 "http://localhost:3000/" "Mozilla/5.0 (Windows NT 10.0; Win64; x64) AppleWebKit/537.36 (KHTML, like Gecko) Chrome/87.0.4280.88 Safari/537.36"
::1 - - [31/Dec/2020:14:09:53 +0800] "POST /get_data.php?f=1 HTTP/1.1" 200 260 "http://localhost:3000/" "Mozilla/5.0 (Windows NT 10.0; Win64; x64) AppleWebKit/537.36 (KHTML, like Gecko) Chrome/87.0.4280.88 Safari/537.36"
::1 - - [31/Dec/2020:14:13:09 +0800] "POST /get_data.php?f=1 HTTP/1.1" 200 260 "http://localhost:3000/" "Mozilla/5.0 (Windows NT 10.0; Win64; x64) AppleWebKit/537.36 (KHTML, like Gecko) Chrome/87.0.4280.88 Safari/537.36"
::1 - - [31/Dec/2020:14:13:14 +0800] "GET /get_data.php HTTP/1.1" 200 25 "http://localhost:3000/" "Mozilla/5.0 (Windows NT 10.0; Win64; x64) AppleWebKit/537.36 (KHTML, like Gecko) Chrome/87.0.4280.88 Safari/537.36"
::1 - - [31/Dec/2020:14:13:15 +0800] "POST /get_data.php?f=1 HTTP/1.1" 200 260 "http://localhost:3000/" "Mozilla/5.0 (Windows NT 10.0; Win64; x64) AppleWebKit/537.36 (KHTML, like Gecko) Chrome/87.0.4280.88 Safari/537.36"
::1 - - [31/Dec/2020:14:13:18 +0800] "GET /get_data.php HTTP/1.1" 200 25 "-" "Mozilla/5.0 (Windows NT 10.0; Win64; x64) AppleWebKit/537.36 (KHTML, like Gecko) Chrome/87.0.4280.88 Safari/537.36"
::1 - - [31/Dec/2020:14:13:18 +0800] "GET /favicon.ico HTTP/1.1" 200 30894 "http://localhost/get_data.php" "Mozilla/5.0 (Windows NT 10.0; Win64; x64) AppleWebKit/537.36 (KHTML, like Gecko) Chrome/87.0.4280.88 Safari/537.36"
::1 - - [31/Dec/2020:14:18:18 +0800] "-" 408 - "-" "-"
::1 - - [31/Dec/2020:14:33:14 +0800] "GET /get_data.php HTTP/1.1" 200 119 "-" "Mozilla/5.0 (Windows NT 10.0; Win64; x64) AppleWebKit/537.36 (KHTML, like Gecko) Chrome/87.0.4280.88 Safari/537.36"
::1 - - [31/Dec/2020:14:33:15 +0800] "GET /favicon.ico HTTP/1.1" 200 30894 "http://localhost/get_data.php" "Mozilla/5.0 (Windows NT 10.0; Win64; x64) AppleWebKit/537.36 (KHTML, like Gecko) Chrome/87.0.4280.88 Safari/537.36"
::1 - - [31/Dec/2020:14:34:10 +0800] "GET /get_data.php HTTP/1.1" 200 137 "-" "Mozilla/5.0 (Windows NT 10.0; Win64; x64) AppleWebKit/537.36 (KHTML, like Gecko) Chrome/87.0.4280.88 Safari/537.36"
::1 - - [31/Dec/2020:14:34:10 +0800] "GET /favicon.ico HTTP/1.1" 200 30894 "http://localhost/get_data.php" "Mozilla/5.0 (Windows NT 10.0; Win64; x64) AppleWebKit/537.36 (KHTML, like Gecko) Chrome/87.0.4280.88 Safari/537.36"
::1 - - [31/Dec/2020:14:34:21 +0800] "GET /get_data.php HTTP/1.1" 200 137 "-" "Mozilla/5.0 (Windows NT 10.0; Win64; x64) AppleWebKit/537.36 (KHTML, like Gecko) Chrome/87.0.4280.88 Safari/537.36"
::1 - - [31/Dec/2020:14:34:21 +0800] "GET /favicon.ico HTTP/1.1" 200 30894 "http://localhost/get_data.php" "Mozilla/5.0 (Windows NT 10.0; Win64; x64) AppleWebKit/537.36 (KHTML, like Gecko) Chrome/87.0.4280.88 Safari/537.36"
::1 - - [31/Dec/2020:14:34:59 +0800] "GET /get_data.php HTTP/1.1" 200 137 "-" "Mozilla/5.0 (Windows NT 10.0; Win64; x64) AppleWebKit/537.36 (KHTML, like Gecko) Chrome/87.0.4280.88 Safari/537.36"
::1 - - [31/Dec/2020:14:34:59 +0800] "GET /favicon.ico HTTP/1.1" 200 30894 "http://localhost/get_data.php" "Mozilla/5.0 (Windows NT 10.0; Win64; x64) AppleWebKit/537.36 (KHTML, like Gecko) Chrome/87.0.4280.88 Safari/537.36"
::1 - - [31/Dec/2020:14:35:00 +0800] "GET /get_data.php HTTP/1.1" 200 137 "-" "Mozilla/5.0 (Windows NT 10.0; Win64; x64) AppleWebKit/537.36 (KHTML, like Gecko) Chrome/87.0.4280.88 Safari/537.36"
::1 - - [31/Dec/2020:14:35:00 +0800] "GET /favicon.ico HTTP/1.1" 200 30894 "http://localhost/get_data.php" "Mozilla/5.0 (Windows NT 10.0; Win64; x64) AppleWebKit/537.36 (KHTML, like Gecko) Chrome/87.0.4280.88 Safari/537.36"
::1 - - [31/Dec/2020:14:37:25 +0800] "GET /get_data.php HTTP/1.1" 200 137 "-" "Mozilla/5.0 (Windows NT 10.0; Win64; x64) AppleWebKit/537.36 (KHTML, like Gecko) Chrome/87.0.4280.88 Safari/537.36"
::1 - - [31/Dec/2020:14:37:25 +0800] "GET /favicon.ico HTTP/1.1" 200 30894 "http://localhost/get_data.php" "Mozilla/5.0 (Windows NT 10.0; Win64; x64) AppleWebKit/537.36 (KHTML, like Gecko) Chrome/87.0.4280.88 Safari/537.36"
::1 - - [31/Dec/2020:14:37:26 +0800] "GET /get_data.php HTTP/1.1" 200 137 "-" "Mozilla/5.0 (Windows NT 10.0; Win64; x64) AppleWebKit/537.36 (KHTML, like Gecko) Chrome/87.0.4280.88 Safari/537.36"
::1 - - [31/Dec/2020:14:37:26 +0800] "GET /favicon.ico HTTP/1.1" 200 30894 "http://localhost/get_data.php" "Mozilla/5.0 (Windows NT 10.0; Win64; x64) AppleWebKit/537.36 (KHTML, like Gecko) Chrome/87.0.4280.88 Safari/537.36"
::1 - - [31/Dec/2020:14:37:26 +0800] "GET /get_data.php HTTP/1.1" 200 137 "-" "Mozilla/5.0 (Windows NT 10.0; Win64; x64) AppleWebKit/537.36 (KHTML, like Gecko) Chrome/87.0.4280.88 Safari/537.36"
::1 - - [31/Dec/2020:14:37:26 +0800] "GET /favicon.ico HTTP/1.1" 200 30894 "http://localhost/get_data.php" "Mozilla/5.0 (Windows NT 10.0; Win64; x64) AppleWebKit/537.36 (KHTML, like Gecko) Chrome/87.0.4280.88 Safari/537.36"
::1 - - [31/Dec/2020:14:37:26 +0800] "GET /get_data.php HTTP/1.1" 200 137 "-" "Mozilla/5.0 (Windows NT 10.0; Win64; x64) AppleWebKit/537.36 (KHTML, like Gecko) Chrome/87.0.4280.88 Safari/537.36"
::1 - - [31/Dec/2020:14:37:27 +0800] "GET /favicon.ico HTTP/1.1" 200 30894 "http://localhost/get_data.php" "Mozilla/5.0 (Windows NT 10.0; Win64; x64) AppleWebKit/537.36 (KHTML, like Gecko) Chrome/87.0.4280.88 Safari/537.36"
::1 - - [31/Dec/2020:14:37:27 +0800] "GET /get_data.php HTTP/1.1" 200 137 "-" "Mozilla/5.0 (Windows NT 10.0; Win64; x64) AppleWebKit/537.36 (KHTML, like Gecko) Chrome/87.0.4280.88 Safari/537.36"
::1 - - [31/Dec/2020:14:37:27 +0800] "GET /favicon.ico HTTP/1.1" 200 30894 "http://localhost/get_data.php" "Mozilla/5.0 (Windows NT 10.0; Win64; x64) AppleWebKit/537.36 (KHTML, like Gecko) Chrome/87.0.4280.88 Safari/537.36"
::1 - - [31/Dec/2020:14:37:27 +0800] "GET /get_data.php HTTP/1.1" 200 137 "-" "Mozilla/5.0 (Windows NT 10.0; Win64; x64) AppleWebKit/537.36 (KHTML, like Gecko) Chrome/87.0.4280.88 Safari/537.36"
::1 - - [31/Dec/2020:14:37:27 +0800] "GET /favicon.ico HTTP/1.1" 200 30894 "http://localhost/get_data.php" "Mozilla/5.0 (Windows NT 10.0; Win64; x64) AppleWebKit/537.36 (KHTML, like Gecko) Chrome/87.0.4280.88 Safari/537.36"
::1 - - [31/Dec/2020:14:38:20 +0800] "GET /get_data.php HTTP/1.1" 200 137 "-" "Mozilla/5.0 (Windows NT 10.0; Win64; x64) AppleWebKit/537.36 (KHTML, like Gecko) Chrome/87.0.4280.88 Safari/537.36"
::1 - - [31/Dec/2020:14:38:20 +0800] "GET /favicon.ico HTTP/1.1" 200 30894 "http://localhost/get_data.php" "Mozilla/5.0 (Windows NT 10.0; Win64; x64) AppleWebKit/537.36 (KHTML, like Gecko) Chrome/87.0.4280.88 Safari/537.36"
::1 - - [31/Dec/2020:14:38:20 +0800] "GET /get_data.php HTTP/1.1" 200 137 "-" "Mozilla/5.0 (Windows NT 10.0; Win64; x64) AppleWebKit/537.36 (KHTML, like Gecko) Chrome/87.0.4280.88 Safari/537.36"
::1 - - [31/Dec/2020:14:38:20 +0800] "GET /favicon.ico HTTP/1.1" 200 30894 "http://localhost/get_data.php" "Mozilla/5.0 (Windows NT 10.0; Win64; x64) AppleWebKit/537.36 (KHTML, like Gecko) Chrome/87.0.4280.88 Safari/537.36"
::1 - - [31/Dec/2020:14:38:20 +0800] "GET /get_data.php HTTP/1.1" 200 137 "-" "Mozilla/5.0 (Windows NT 10.0; Win64; x64) AppleWebKit/537.36 (KHTML, like Gecko) Chrome/87.0.4280.88 Safari/537.36"
::1 - - [31/Dec/2020:14:38:21 +0800] "GET /favicon.ico HTTP/1.1" 200 30894 "http://localhost/get_data.php" "Mozilla/5.0 (Windows NT 10.0; Win64; x64) AppleWebKit/537.36 (KHTML, like Gecko) Chrome/87.0.4280.88 Safari/537.36"
::1 - - [31/Dec/2020:14:38:21 +0800] "GET /get_data.php HTTP/1.1" 200 137 "-" "Mozilla/5.0 (Windows NT 10.0; Win64; x64) AppleWebKit/537.36 (KHTML, like Gecko) Chrome/87.0.4280.88 Safari/537.36"
::1 - - [31/Dec/2020:14:38:21 +0800] "GET /favicon.ico HTTP/1.1" 200 30894 "http://localhost/get_data.php" "Mozilla/5.0 (Windows NT 10.0; Win64; x64) AppleWebKit/537.36 (KHTML, like Gecko) Chrome/87.0.4280.88 Safari/537.36"
::1 - - [31/Dec/2020:14:40:57 +0800] "OPTIONS /get_data.php?f=2 HTTP/1.1" 200 137 "http://localhost:3000/" "Mozilla/5.0 (Windows NT 10.0; Win64; x64) AppleWebKit/537.36 (KHTML, like Gecko) Chrome/87.0.4280.88 Safari/537.36"
::1 - - [31/Dec/2020:14:40:59 +0800] "OPTIONS /get_data.php?f=2 HTTP/1.1" 200 137 "http://localhost:3000/" "Mozilla/5.0 (Windows NT 10.0; Win64; x64) AppleWebKit/537.36 (KHTML, like Gecko) Chrome/87.0.4280.88 Safari/537.36"
::1 - - [31/Dec/2020:14:41:00 +0800] "OPTIONS /get_data.php?f=2 HTTP/1.1" 200 137 "http://localhost:3000/" "Mozilla/5.0 (Windows NT 10.0; Win64; x64) AppleWebKit/537.36 (KHTML, like Gecko) Chrome/87.0.4280.88 Safari/537.36"
::1 - - [31/Dec/2020:14:41:00 +0800] "OPTIONS /get_data.php?f=2 HTTP/1.1" 200 137 "http://localhost:3000/" "Mozilla/5.0 (Windows NT 10.0; Win64; x64) AppleWebKit/537.36 (KHTML, like Gecko) Chrome/87.0.4280.88 Safari/537.36"
::1 - - [31/Dec/2020:14:41:01 +0800] "POST /get_data.php?f=1 HTTP/1.1" 200 137 "http://localhost:3000/" "Mozilla/5.0 (Windows NT 10.0; Win64; x64) AppleWebKit/537.36 (KHTML, like Gecko) Chrome/87.0.4280.88 Safari/537.36"
::1 - - [31/Dec/2020:14:41:01 +0800] "GET /get_data.php HTTP/1.1" 200 137 "http://localhost:3000/" "Mozilla/5.0 (Windows NT 10.0; Win64; x64) AppleWebKit/537.36 (KHTML, like Gecko) Chrome/87.0.4280.88 Safari/537.36"
::1 - - [31/Dec/2020:14:41:03 +0800] "POST /get_data.php?f=1 HTTP/1.1" 200 137 "http://localhost:3000/" "Mozilla/5.0 (Windows NT 10.0; Win64; x64) AppleWebKit/537.36 (KHTML, like Gecko) Chrome/87.0.4280.88 Safari/537.36"
::1 - - [31/Dec/2020:14:41:04 +0800] "OPTIONS /get_data.php?f=2 HTTP/1.1" 200 137 "http://localhost:3000/" "Mozilla/5.0 (Windows NT 10.0; Win64; x64) AppleWebKit/537.36 (KHTML, like Gecko) Chrome/87.0.4280.88 Safari/537.36"
::1 - - [31/Dec/2020:14:41:04 +0800] "POST /get_data.php?f=1 HTTP/1.1" 200 137 "http://localhost:3000/" "Mozilla/5.0 (Windows NT 10.0; Win64; x64) AppleWebKit/537.36 (KHTML, like Gecko) Chrome/87.0.4280.88 Safari/537.36"
::1 - - [31/Dec/2020:14:41:05 +0800] "GET /get_data.php HTTP/1.1" 200 137 "http://localhost:3000/" "Mozilla/5.0 (Windows NT 10.0; Win64; x64) AppleWebKit/537.36 (KHTML, like Gecko) Chrome/87.0.4280.88 Safari/537.36"
::1 - - [31/Dec/2020:14:41:05 +0800] "POST /get_data.php?f=1 HTTP/1.1" 200 137 "http://localhost:3000/" "Mozilla/5.0 (Windows NT 10.0; Win64; x64) AppleWebKit/537.36 (KHTML, like Gecko) Chrome/87.0.4280.88 Safari/537.36"
::1 - - [31/Dec/2020:14:41:06 +0800] "OPTIONS /get_data.php?f=2 HTTP/1.1" 200 137 "http://localhost:3000/" "Mozilla/5.0 (Windows NT 10.0; Win64; x64) AppleWebKit/537.36 (KHTML, like Gecko) Chrome/87.0.4280.88 Safari/537.36"
::1 - - [31/Dec/2020:14:41:07 +0800] "OPTIONS /get_data.php?f=2 HTTP/1.1" 200 137 "http://localhost:3000/" "Mozilla/5.0 (Windows NT 10.0; Win64; x64) AppleWebKit/537.36 (KHTML, like Gecko) Chrome/87.0.4280.88 Safari/537.36"
::1 - - [31/Dec/2020:14:41:24 +0800] "OPTIONS /get_data.php?f=2 HTTP/1.1" 200 137 "http://localhost:3000/" "Mozilla/5.0 (Windows NT 10.0; Win64; x64) AppleWebKit/537.36 (KHTML, like Gecko) Chrome/87.0.4280.88 Safari/537.36"
::1 - - [31/Dec/2020:14:41:28 +0800] "OPTIONS /get_data.php?f=2 HTTP/1.1" 200 137 "http://localhost:3000/" "Mozilla/5.0 (Windows NT 10.0; Win64; x64) AppleWebKit/537.36 (KHTML, like Gecko) Chrome/87.0.4280.88 Safari/537.36"
::1 - - [31/Dec/2020:14:41:31 +0800] "POST /get_data.php?f=1 HTTP/1.1" 200 137 "http://localhost:3000/" "Mozilla/5.0 (Windows NT 10.0; Win64; x64) AppleWebKit/537.36 (KHTML, like Gecko) Chrome/87.0.4280.88 Safari/537.36"
::1 - - [31/Dec/2020:14:41:53 +0800] "OPTIONS /get_data.php?f=2 HTTP/1.1" 200 287 "http://localhost:3000/" "Mozilla/5.0 (Windows NT 10.0; Win64; x64) AppleWebKit/537.36 (KHTML, like Gecko) Chrome/87.0.4280.88 Safari/537.36"
::1 - - [31/Dec/2020:14:41:58 +0800] "POST /get_data.php?f=1 HTTP/1.1" 200 260 "http://localhost:3000/" "Mozilla/5.0 (Windows NT 10.0; Win64; x64) AppleWebKit/537.36 (KHTML, like Gecko) Chrome/87.0.4280.88 Safari/537.36"
::1 - - [31/Dec/2020:14:43:22 +0800] "POST /get_data.php?f=1 HTTP/1.1" 200 13 "http://localhost:3000/" "Mozilla/5.0 (Windows NT 10.0; Win64; x64) AppleWebKit/537.36 (KHTML, like Gecko) Chrome/87.0.4280.88 Safari/537.36"
::1 - - [31/Dec/2020:14:43:24 +0800] "OPTIONS /get_data.php?f=2 HTTP/1.1" 200 287 "http://localhost:3000/" "Mozilla/5.0 (Windows NT 10.0; Win64; x64) AppleWebKit/537.36 (KHTML, like Gecko) Chrome/87.0.4280.88 Safari/537.36"
::1 - - [31/Dec/2020:14:43:25 +0800] "OPTIONS /get_data.php?f=2 HTTP/1.1" 200 287 "http://localhost:3000/" "Mozilla/5.0 (Windows NT 10.0; Win64; x64) AppleWebKit/537.36 (KHTML, like Gecko) Chrome/87.0.4280.88 Safari/537.36"
::1 - - [31/Dec/2020:14:43:28 +0800] "POST /get_data.php?f=1 HTTP/1.1" 200 13 "http://localhost:3000/" "Mozilla/5.0 (Windows NT 10.0; Win64; x64) AppleWebKit/537.36 (KHTML, like Gecko) Chrome/87.0.4280.88 Safari/537.36"
::1 - - [31/Dec/2020:14:43:32 +0800] "GET /get_data.php?f=2 HTTP/1.1" 200 287 "-" "Mozilla/5.0 (Windows NT 10.0; Win64; x64) AppleWebKit/537.36 (KHTML, like Gecko) Chrome/87.0.4280.88 Safari/537.36"
::1 - - [31/Dec/2020:14:43:41 +0800] "OPTIONS /get_data.php?f=2 HTTP/1.1" 200 287 "http://localhost:3000/" "Mozilla/5.0 (Windows NT 10.0; Win64; x64) AppleWebKit/537.36 (KHTML, like Gecko) Chrome/87.0.4280.88 Safari/537.36"
::1 - - [31/Dec/2020:14:44:38 +0800] "OPTIONS /get_data.php?f=2 HTTP/1.1" 200 287 "http://localhost:3000/" "Mozilla/5.0 (Windows NT 10.0; Win64; x64) AppleWebKit/537.36 (KHTML, like Gecko) Chrome/87.0.4280.88 Safari/537.36"
::1 - - [31/Dec/2020:14:44:40 +0800] "OPTIONS /get_data.php?f=2 HTTP/1.1" 200 287 "http://localhost:3000/" "Mozilla/5.0 (Windows NT 10.0; Win64; x64) AppleWebKit/537.36 (KHTML, like Gecko) Chrome/87.0.4280.88 Safari/537.36"
::1 - - [31/Dec/2020:14:44:56 +0800] "OPTIONS /get_data.php?f=2 HTTP/1.1" 200 287 "http://localhost:3000/" "Mozilla/5.0 (Windows NT 10.0; Win64; x64) AppleWebKit/537.36 (KHTML, like Gecko) Chrome/87.0.4280.88 Safari/537.36"
::1 - - [31/Dec/2020:14:47:50 +0800] "OPTIONS /get_data.php?f=2 HTTP/1.1" 200 287 "http://localhost:3000/" "Mozilla/5.0 (Windows NT 10.0; Win64; x64) AppleWebKit/537.36 (KHTML, like Gecko) Chrome/87.0.4280.88 Safari/537.36"
::1 - - [31/Dec/2020:14:48:10 +0800] "POST /get_data.php?f=1 HTTP/1.1" 200 13 "http://localhost:3000/" "Mozilla/5.0 (Windows NT 10.0; Win64; x64) AppleWebKit/537.36 (KHTML, like Gecko) Chrome/87.0.4280.88 Safari/537.36"
::1 - - [31/Dec/2020:14:48:11 +0800] "OPTIONS /get_data.php?f=2 HTTP/1.1" 200 287 "http://localhost:3000/" "Mozilla/5.0 (Windows NT 10.0; Win64; x64) AppleWebKit/537.36 (KHTML, like Gecko) Chrome/87.0.4280.88 Safari/537.36"
::1 - - [31/Dec/2020:14:50:16 +0800] "OPTIONS /get_data.php?f=2 HTTP/1.1" 200 287 "http://localhost:3000/" "Mozilla/5.0 (Windows NT 10.0; Win64; x64) AppleWebKit/537.36 (KHTML, like Gecko) Chrome/87.0.4280.88 Safari/537.36"
::1 - - [31/Dec/2020:14:50:17 +0800] "OPTIONS /get_data.php?f=2 HTTP/1.1" 200 287 "http://localhost:3000/" "Mozilla/5.0 (Windows NT 10.0; Win64; x64) AppleWebKit/537.36 (KHTML, like Gecko) Chrome/87.0.4280.88 Safari/537.36"
::1 - - [31/Dec/2020:14:50:18 +0800] "OPTIONS /get_data.php?f=2 HTTP/1.1" 200 287 "http://localhost:3000/" "Mozilla/5.0 (Windows NT 10.0; Win64; x64) AppleWebKit/537.36 (KHTML, like Gecko) Chrome/87.0.4280.88 Safari/537.36"
::1 - - [31/Dec/2020:14:50:19 +0800] "OPTIONS /get_data.php?f=2 HTTP/1.1" 200 287 "http://localhost:3000/" "Mozilla/5.0 (Windows NT 10.0; Win64; x64) AppleWebKit/537.36 (KHTML, like Gecko) Chrome/87.0.4280.88 Safari/537.36"
::1 - - [31/Dec/2020:14:50:21 +0800] "OPTIONS /get_data.php?f=2 HTTP/1.1" 200 287 "http://localhost:3000/" "Mozilla/5.0 (Windows NT 10.0; Win64; x64) AppleWebKit/537.36 (KHTML, like Gecko) Chrome/87.0.4280.88 Safari/537.36"
::1 - - [31/Dec/2020:14:50:24 +0800] "OPTIONS /get_data.php?f=2 HTTP/1.1" 200 287 "http://localhost:3000/" "Mozilla/5.0 (Windows NT 10.0; Win64; x64) AppleWebKit/537.36 (KHTML, like Gecko) Chrome/87.0.4280.88 Safari/537.36"
::1 - - [31/Dec/2020:14:50:26 +0800] "OPTIONS /get_data.php?f=2 HTTP/1.1" 200 287 "http://localhost:3000/" "Mozilla/5.0 (Windows NT 10.0; Win64; x64) AppleWebKit/537.36 (KHTML, like Gecko) Chrome/87.0.4280.88 Safari/537.36"
::1 - - [31/Dec/2020:14:50:26 +0800] "OPTIONS /get_data.php?f=2 HTTP/1.1" 200 287 "http://localhost:3000/" "Mozilla/5.0 (Windows NT 10.0; Win64; x64) AppleWebKit/537.36 (KHTML, like Gecko) Chrome/87.0.4280.88 Safari/537.36"
::1 - - [31/Dec/2020:14:50:26 +0800] "OPTIONS /get_data.php?f=2 HTTP/1.1" 200 287 "http://localhost:3000/" "Mozilla/5.0 (Windows NT 10.0; Win64; x64) AppleWebKit/537.36 (KHTML, like Gecko) Chrome/87.0.4280.88 Safari/537.36"
::1 - - [31/Dec/2020:14:50:26 +0800] "OPTIONS /get_data.php?f=2 HTTP/1.1" 200 287 "http://localhost:3000/" "Mozilla/5.0 (Windows NT 10.0; Win64; x64) AppleWebKit/537.36 (KHTML, like Gecko) Chrome/87.0.4280.88 Safari/537.36"
::1 - - [31/Dec/2020:14:50:28 +0800] "OPTIONS /get_data.php?f=2 HTTP/1.1" 200 287 "http://localhost:3000/" "Mozilla/5.0 (Windows NT 10.0; Win64; x64) AppleWebKit/537.36 (KHTML, like Gecko) Chrome/87.0.4280.88 Safari/537.36"
::1 - - [31/Dec/2020:14:50:28 +0800] "OPTIONS /get_data.php?f=2 HTTP/1.1" 200 287 "http://localhost:3000/" "Mozilla/5.0 (Windows NT 10.0; Win64; x64) AppleWebKit/537.36 (KHTML, like Gecko) Chrome/87.0.4280.88 Safari/537.36"
::1 - - [31/Dec/2020:14:50:28 +0800] "OPTIONS /get_data.php?f=2 HTTP/1.1" 200 287 "http://localhost:3000/" "Mozilla/5.0 (Windows NT 10.0; Win64; x64) AppleWebKit/537.36 (KHTML, like Gecko) Chrome/87.0.4280.88 Safari/537.36"
::1 - - [31/Dec/2020:14:51:07 +0800] "OPTIONS /get_data.php?f=2 HTTP/1.1" 200 287 "http://localhost:3000/" "Mozilla/5.0 (Windows NT 10.0; Win64; x64) AppleWebKit/537.36 (KHTML, like Gecko) Chrome/87.0.4280.88 Safari/537.36"
::1 - - [31/Dec/2020:14:51:08 +0800] "OPTIONS /get_data.php?f=2 HTTP/1.1" 200 287 "http://localhost:3000/" "Mozilla/5.0 (Windows NT 10.0; Win64; x64) AppleWebKit/537.36 (KHTML, like Gecko) Chrome/87.0.4280.88 Safari/537.36"
::1 - - [31/Dec/2020:14:51:09 +0800] "OPTIONS /get_data.php?f=2 HTTP/1.1" 200 287 "http://localhost:3000/" "Mozilla/5.0 (Windows NT 10.0; Win64; x64) AppleWebKit/537.36 (KHTML, like Gecko) Chrome/87.0.4280.88 Safari/537.36"
::1 - - [31/Dec/2020:14:51:09 +0800] "OPTIONS /get_data.php?f=2 HTTP/1.1" 200 287 "http://localhost:3000/" "Mozilla/5.0 (Windows NT 10.0; Win64; x64) AppleWebKit/537.36 (KHTML, like Gecko) Chrome/87.0.4280.88 Safari/537.36"
::1 - - [31/Dec/2020:14:51:10 +0800] "OPTIONS /get_data.php?f=2 HTTP/1.1" 200 287 "http://localhost:3000/" "Mozilla/5.0 (Windows NT 10.0; Win64; x64) AppleWebKit/537.36 (KHTML, like Gecko) Chrome/87.0.4280.88 Safari/537.36"
::1 - - [31/Dec/2020:14:51:11 +0800] "OPTIONS /get_data.php?f=2 HTTP/1.1" 200 287 "http://localhost:3000/" "Mozilla/5.0 (Windows NT 10.0; Win64; x64) AppleWebKit/537.36 (KHTML, like Gecko) Chrome/87.0.4280.88 Safari/537.36"
::1 - - [31/Dec/2020:14:51:54 +0800] "OPTIONS /get_data.php?f=2 HTTP/1.1" 200 287 "http://localhost:3000/" "Mozilla/5.0 (Windows NT 10.0; Win64; x64) AppleWebKit/537.36 (KHTML, like Gecko) Chrome/87.0.4280.88 Safari/537.36"
::1 - - [31/Dec/2020:14:51:54 +0800] "POST /get_data.php?f=2 HTTP/1.1" 200 13 "http://localhost:3000/" "Mozilla/5.0 (Windows NT 10.0; Win64; x64) AppleWebKit/537.36 (KHTML, like Gecko) Chrome/87.0.4280.88 Safari/537.36"
::1 - - [31/Dec/2020:14:52:32 +0800] "OPTIONS /get_data.php?f=2 HTTP/1.1" 200 287 "http://localhost:3000/" "Mozilla/5.0 (Windows NT 10.0; Win64; x64) AppleWebKit/537.36 (KHTML, like Gecko) Chrome/87.0.4280.88 Safari/537.36"
::1 - - [31/Dec/2020:14:52:32 +0800] "POST /get_data.php?f=2 HTTP/1.1" 200 13 "http://localhost:3000/" "Mozilla/5.0 (Windows NT 10.0; Win64; x64) AppleWebKit/537.36 (KHTML, like Gecko) Chrome/87.0.4280.88 Safari/537.36"
::1 - - [31/Dec/2020:14:52:33 +0800] "POST /get_data.php?f=2 HTTP/1.1" 200 13 "http://localhost:3000/" "Mozilla/5.0 (Windows NT 10.0; Win64; x64) AppleWebKit/537.36 (KHTML, like Gecko) Chrome/87.0.4280.88 Safari/537.36"
::1 - - [31/Dec/2020:14:52:33 +0800] "POST /get_data.php?f=2 HTTP/1.1" 200 13 "http://localhost:3000/" "Mozilla/5.0 (Windows NT 10.0; Win64; x64) AppleWebKit/537.36 (KHTML, like Gecko) Chrome/87.0.4280.88 Safari/537.36"
::1 - - [31/Dec/2020:14:52:33 +0800] "POST /get_data.php?f=2 HTTP/1.1" 200 13 "http://localhost:3000/" "Mozilla/5.0 (Windows NT 10.0; Win64; x64) AppleWebKit/537.36 (KHTML, like Gecko) Chrome/87.0.4280.88 Safari/537.36"
::1 - - [31/Dec/2020:14:52:33 +0800] "POST /get_data.php?f=2 HTTP/1.1" 200 13 "http://localhost:3000/" "Mozilla/5.0 (Windows NT 10.0; Win64; x64) AppleWebKit/537.36 (KHTML, like Gecko) Chrome/87.0.4280.88 Safari/537.36"
::1 - - [31/Dec/2020:14:52:33 +0800] "POST /get_data.php?f=2 HTTP/1.1" 200 13 "http://localhost:3000/" "Mozilla/5.0 (Windows NT 10.0; Win64; x64) AppleWebKit/537.36 (KHTML, like Gecko) Chrome/87.0.4280.88 Safari/537.36"
::1 - - [31/Dec/2020:14:52:34 +0800] "POST /get_data.php?f=2 HTTP/1.1" 200 13 "http://localhost:3000/" "Mozilla/5.0 (Windows NT 10.0; Win64; x64) AppleWebKit/537.36 (KHTML, like Gecko) Chrome/87.0.4280.88 Safari/537.36"
::1 - - [31/Dec/2020:14:52:40 +0800] "OPTIONS /get_data.php?f=2 HTTP/1.1" 200 287 "http://localhost:3000/" "Mozilla/5.0 (Windows NT 10.0; Win64; x64) AppleWebKit/537.36 (KHTML, like Gecko) Chrome/87.0.4280.88 Safari/537.36"
::1 - - [31/Dec/2020:14:52:40 +0800] "POST /get_data.php?f=2 HTTP/1.1" 200 13 "http://localhost:3000/" "Mozilla/5.0 (Windows NT 10.0; Win64; x64) AppleWebKit/537.36 (KHTML, like Gecko) Chrome/87.0.4280.88 Safari/537.36"
::1 - - [31/Dec/2020:14:57:35 +0800] "GET /get_data.php?f=2 HTTP/1.1" 200 287 "-" "Mozilla/5.0 (Windows NT 10.0; Win64; x64) AppleWebKit/537.36 (KHTML, like Gecko) Chrome/87.0.4280.88 Safari/537.36"
::1 - - [31/Dec/2020:14:57:35 +0800] "GET /favicon.ico HTTP/1.1" 200 30894 "http://localhost/get_data.php?f=2" "Mozilla/5.0 (Windows NT 10.0; Win64; x64) AppleWebKit/537.36 (KHTML, like Gecko) Chrome/87.0.4280.88 Safari/537.36"
::1 - - [31/Dec/2020:14:58:00 +0800] "GET /get_data.php HTTP/1.1" 200 25 "-" "Mozilla/5.0 (Windows NT 10.0; Win64; x64) AppleWebKit/537.36 (KHTML, like Gecko) Chrome/87.0.4280.88 Safari/537.36"
::1 - - [31/Dec/2020:14:58:00 +0800] "GET /favicon.ico HTTP/1.1" 200 30894 "http://localhost/get_data.php" "Mozilla/5.0 (Windows NT 10.0; Win64; x64) AppleWebKit/537.36 (KHTML, like Gecko) Chrome/87.0.4280.88 Safari/537.36"
::1 - - [31/Dec/2020:15:03:00 +0800] "-" 408 - "-" "-"
::1 - - [31/Dec/2020:15:18:45 +0800] "GET /get_data.php HTTP/1.1" 200 25 "-" "Mozilla/5.0 (Windows NT 10.0; Win64; x64) AppleWebKit/537.36 (KHTML, like Gecko) Chrome/87.0.4280.88 Safari/537.36"
::1 - - [31/Dec/2020:15:18:45 +0800] "GET /favicon.ico HTTP/1.1" 200 30894 "http://localhost/get_data.php" "Mozilla/5.0 (Windows NT 10.0; Win64; x64) AppleWebKit/537.36 (KHTML, like Gecko) Chrome/87.0.4280.88 Safari/537.36"
::1 - - [31/Dec/2020:15:18:46 +0800] "GET /get_data.php HTTP/1.1" 200 25 "-" "Mozilla/5.0 (Windows NT 10.0; Win64; x64) AppleWebKit/537.36 (KHTML, like Gecko) Chrome/87.0.4280.88 Safari/537.36"
::1 - - [31/Dec/2020:15:18:46 +0800] "GET /favicon.ico HTTP/1.1" 200 30894 "http://localhost/get_data.php" "Mozilla/5.0 (Windows NT 10.0; Win64; x64) AppleWebKit/537.36 (KHTML, like Gecko) Chrome/87.0.4280.88 Safari/537.36"
::1 - - [31/Dec/2020:15:18:46 +0800] "GET /get_data.php HTTP/1.1" 200 25 "-" "Mozilla/5.0 (Windows NT 10.0; Win64; x64) AppleWebKit/537.36 (KHTML, like Gecko) Chrome/87.0.4280.88 Safari/537.36"
::1 - - [31/Dec/2020:15:18:46 +0800] "GET /favicon.ico HTTP/1.1" 200 30894 "http://localhost/get_data.php" "Mozilla/5.0 (Windows NT 10.0; Win64; x64) AppleWebKit/537.36 (KHTML, like Gecko) Chrome/87.0.4280.88 Safari/537.36"
::1 - - [31/Dec/2020:15:18:46 +0800] "GET /get_data.php HTTP/1.1" 200 25 "-" "Mozilla/5.0 (Windows NT 10.0; Win64; x64) AppleWebKit/537.36 (KHTML, like Gecko) Chrome/87.0.4280.88 Safari/537.36"
::1 - - [31/Dec/2020:15:18:46 +0800] "GET /favicon.ico HTTP/1.1" 200 30894 "http://localhost/get_data.php" "Mozilla/5.0 (Windows NT 10.0; Win64; x64) AppleWebKit/537.36 (KHTML, like Gecko) Chrome/87.0.4280.88 Safari/537.36"
::1 - - [31/Dec/2020:15:23:28 +0800] "OPTIONS /get_data.php?f=2 HTTP/1.1" 200 287 "http://localhost:3000/" "Mozilla/5.0 (Windows NT 10.0; Win64; x64) AppleWebKit/537.36 (KHTML, like Gecko) Chrome/87.0.4280.88 Safari/537.36"
::1 - - [31/Dec/2020:15:23:28 +0800] "POST /get_data.php?f=2 HTTP/1.1" 200 13 "http://localhost:3000/" "Mozilla/5.0 (Windows NT 10.0; Win64; x64) AppleWebKit/537.36 (KHTML, like Gecko) Chrome/87.0.4280.88 Safari/537.36"
::1 - - [31/Dec/2020:15:23:29 +0800] "POST /get_data.php?f=1 HTTP/1.1" 200 13 "http://localhost:3000/" "Mozilla/5.0 (Windows NT 10.0; Win64; x64) AppleWebKit/537.36 (KHTML, like Gecko) Chrome/87.0.4280.88 Safari/537.36"
::1 - - [31/Dec/2020:15:23:29 +0800] "GET /get_data.php HTTP/1.1" 200 25 "http://localhost:3000/" "Mozilla/5.0 (Windows NT 10.0; Win64; x64) AppleWebKit/537.36 (KHTML, like Gecko) Chrome/87.0.4280.88 Safari/537.36"
::1 - - [31/Dec/2020:15:23:30 +0800] "POST /get_data.php?f=1 HTTP/1.1" 200 13 "http://localhost:3000/" "Mozilla/5.0 (Windows NT 10.0; Win64; x64) AppleWebKit/537.36 (KHTML, like Gecko) Chrome/87.0.4280.88 Safari/537.36"
::1 - - [31/Dec/2020:15:23:30 +0800] "POST /get_data.php?f=2 HTTP/1.1" 200 13 "http://localhost:3000/" "Mozilla/5.0 (Windows NT 10.0; Win64; x64) AppleWebKit/537.36 (KHTML, like Gecko) Chrome/87.0.4280.88 Safari/537.36"
