[Thu Dec 31 11:51:29.911002 2020] [ssl:warn] [pid 5516:tid 552] AH01909: www.example.com:443:0 server certificate does NOT include an ID which matches the server name
[Thu Dec 31 11:51:29.967604 2020] [ssl:warn] [pid 5516:tid 552] AH01909: www.example.com:443:0 server certificate does NOT include an ID which matches the server name
[Thu Dec 31 11:51:30.004688 2020] [mpm_winnt:notice] [pid 5516:tid 552] AH00455: Apache/2.4.46 (Win64) OpenSSL/1.1.1h PHP/7.4.13 configured -- resuming normal operations
[Thu Dec 31 11:51:30.004688 2020] [mpm_winnt:notice] [pid 5516:tid 552] AH00456: Apache Lounge VC15 Server built: Oct  3 2020 12:58:33
[Thu Dec 31 11:51:30.004688 2020] [core:notice] [pid 5516:tid 552] AH00094: Command line: 'C:\\xampp\\apache\\bin\\httpd.exe -d C:/xampp/apache'
[Thu Dec 31 11:51:30.009567 2020] [mpm_winnt:notice] [pid 5516:tid 552] AH00418: Parent: Created child process 8576
[Thu Dec 31 11:51:30.565835 2020] [ssl:warn] [pid 8576:tid 568] AH01909: www.example.com:443:0 server certificate does NOT include an ID which matches the server name
[Thu Dec 31 11:51:30.613653 2020] [ssl:warn] [pid 8576:tid 568] AH01909: www.example.com:443:0 server certificate does NOT include an ID which matches the server name
[Thu Dec 31 11:51:30.641954 2020] [mpm_winnt:notice] [pid 8576:tid 568] AH00354: Child: Starting 150 worker threads.
[Thu Dec 31 13:05:21.258062 2020] [ssl:warn] [pid 10804:tid 580] AH01909: www.example.com:443:0 server certificate does NOT include an ID which matches the server name
[Thu Dec 31 13:05:21.317084 2020] [ssl:warn] [pid 10804:tid 580] AH01909: www.example.com:443:0 server certificate does NOT include an ID which matches the server name
[Thu Dec 31 13:05:21.346446 2020] [mpm_winnt:notice] [pid 10804:tid 580] AH00455: Apache/2.4.46 (Win64) OpenSSL/1.1.1h PHP/7.4.13 configured -- resuming normal operations
[Thu Dec 31 13:05:21.346446 2020] [mpm_winnt:notice] [pid 10804:tid 580] AH00456: Apache Lounge VC15 Server built: Oct  3 2020 12:58:33
[Thu Dec 31 13:05:21.346446 2020] [core:notice] [pid 10804:tid 580] AH00094: Command line: 'c:\\xampp\\apache\\bin\\httpd.exe -d C:/xampp/apache'
[Thu Dec 31 13:05:21.350586 2020] [mpm_winnt:notice] [pid 10804:tid 580] AH00418: Parent: Created child process 10920
[Thu Dec 31 13:05:21.949541 2020] [ssl:warn] [pid 10920:tid 588] AH01909: www.example.com:443:0 server certificate does NOT include an ID which matches the server name
[Thu Dec 31 13:05:22.000288 2020] [ssl:warn] [pid 10920:tid 588] AH01909: www.example.com:443:0 server certificate does NOT include an ID which matches the server name
[Thu Dec 31 13:05:22.029569 2020] [mpm_winnt:notice] [pid 10920:tid 588] AH00354: Child: Starting 150 worker threads.
[Thu Dec 31 13:29:11.486736 2020] [php7:error] [pid 10920:tid 1856] [client ::1:54167] script 'C:/xampp/htdocs/dashboard/get_data.php' not found or unable to stat
[Thu Dec 31 13:29:57.424810 2020] [php7:error] [pid 10920:tid 1852] [client ::1:54171] script 'C:/xampp/htdocs/dashboard/get_data.php' not found or unable to stat
[Thu Dec 31 13:34:24.342203 2020] [php7:error] [pid 10920:tid 1852] [client ::1:54454] script 'C:/xampp/htdocs/info.php' not found or unable to stat
[Thu Dec 31 13:35:08.386189 2020] [php7:error] [pid 10920:tid 1840] [client ::1:54455] script 'C:/xampp/htdocs/info.php' not found or unable to stat
[Thu Dec 31 13:35:09.161021 2020] [php7:error] [pid 10920:tid 1840] [client ::1:54455] script 'C:/xampp/htdocs/info.php' not found or unable to stat
[Thu Dec 31 13:35:09.328811 2020] [php7:error] [pid 10920:tid 1840] [client ::1:54455] script 'C:/xampp/htdocs/info.php' not found or unable to stat
[Thu Dec 31 13:35:09.488302 2020] [php7:error] [pid 10920:tid 1840] [client ::1:54455] script 'C:/xampp/htdocs/info.php' not found or unable to stat
[Thu Dec 31 13:35:09.656609 2020] [php7:error] [pid 10920:tid 1840] [client ::1:54455] script 'C:/xampp/htdocs/info.php' not found or unable to stat
[Thu Dec 31 13:35:26.961966 2020] [php7:notice] [pid 10920:tid 1852] [client ::1:54507] PHP Notice:  Undefined variable: phpinfo in C:\\xampp\\htdocs\\info.php on line 2
[Thu Dec 31 13:35:26.961966 2020] [php7:error] [pid 10920:tid 1852] [client ::1:54507] PHP Fatal error:  Uncaught Error: Function name must be a string in C:\\xampp\\htdocs\\info.php:2\nStack trace:\n#0 {main}\n  thrown in C:\\xampp\\htdocs\\info.php on line 2
[Thu Dec 31 14:06:18.001360 2020] [php7:notice] [pid 10920:tid 1840] [client ::1:55579] PHP Notice:  Undefined variable: POST in C:\\xampp\\htdocs\\get_data.php on line 5, referer: http://localhost:3000/
[Thu Dec 31 14:06:18.002335 2020] [php7:notice] [pid 10920:tid 1840] [client ::1:55579] PHP Notice:  Trying to access array offset on value of type null in C:\\xampp\\htdocs\\get_data.php on line 5, referer: http://localhost:3000/
[Thu Dec 31 14:06:18.730380 2020] [php7:notice] [pid 10920:tid 1840] [client ::1:55579] PHP Notice:  Undefined variable: POST in C:\\xampp\\htdocs\\get_data.php on line 5, referer: http://localhost:3000/
[Thu Dec 31 14:06:18.730380 2020] [php7:notice] [pid 10920:tid 1840] [client ::1:55579] PHP Notice:  Trying to access array offset on value of type null in C:\\xampp\\htdocs\\get_data.php on line 5, referer: http://localhost:3000/
[Thu Dec 31 14:06:18.905732 2020] [php7:notice] [pid 10920:tid 1840] [client ::1:55579] PHP Notice:  Undefined variable: POST in C:\\xampp\\htdocs\\get_data.php on line 5, referer: http://localhost:3000/
[Thu Dec 31 14:06:18.905732 2020] [php7:notice] [pid 10920:tid 1840] [client ::1:55579] PHP Notice:  Trying to access array offset on value of type null in C:\\xampp\\htdocs\\get_data.php on line 5, referer: http://localhost:3000/
[Thu Dec 31 14:06:19.097259 2020] [php7:notice] [pid 10920:tid 1840] [client ::1:55579] PHP Notice:  Undefined variable: POST in C:\\xampp\\htdocs\\get_data.php on line 5, referer: http://localhost:3000/
[Thu Dec 31 14:06:19.098236 2020] [php7:notice] [pid 10920:tid 1840] [client ::1:55579] PHP Notice:  Trying to access array offset on value of type null in C:\\xampp\\htdocs\\get_data.php on line 5, referer: http://localhost:3000/
[Thu Dec 31 14:06:20.154385 2020] [php7:notice] [pid 10920:tid 1840] [client ::1:55579] PHP Notice:  Undefined variable: POST in C:\\xampp\\htdocs\\get_data.php on line 5, referer: http://localhost:3000/
[Thu Dec 31 14:06:20.154385 2020] [php7:notice] [pid 10920:tid 1840] [client ::1:55579] PHP Notice:  Trying to access array offset on value of type null in C:\\xampp\\htdocs\\get_data.php on line 5, referer: http://localhost:3000/
[Thu Dec 31 14:07:03.498959 2020] [php7:notice] [pid 10920:tid 1840] [client ::1:55587] PHP Notice:  Undefined variable: POST in C:\\xampp\\htdocs\\get_data.php on line 5, referer: http://localhost:3000/
[Thu Dec 31 14:07:03.498959 2020] [php7:notice] [pid 10920:tid 1840] [client ::1:55587] PHP Notice:  Trying to access array offset on value of type null in C:\\xampp\\htdocs\\get_data.php on line 5, referer: http://localhost:3000/
[Thu Dec 31 14:07:04.841258 2020] [php7:notice] [pid 10920:tid 1840] [client ::1:55587] PHP Notice:  Undefined variable: POST in C:\\xampp\\htdocs\\get_data.php on line 5, referer: http://localhost:3000/
[Thu Dec 31 14:07:04.841258 2020] [php7:notice] [pid 10920:tid 1840] [client ::1:55587] PHP Notice:  Trying to access array offset on value of type null in C:\\xampp\\htdocs\\get_data.php on line 5, referer: http://localhost:3000/
[Thu Dec 31 14:07:05.249412 2020] [php7:notice] [pid 10920:tid 1840] [client ::1:55587] PHP Notice:  Undefined variable: POST in C:\\xampp\\htdocs\\get_data.php on line 5, referer: http://localhost:3000/
[Thu Dec 31 14:07:05.249412 2020] [php7:notice] [pid 10920:tid 1840] [client ::1:55587] PHP Notice:  Trying to access array offset on value of type null in C:\\xampp\\htdocs\\get_data.php on line 5, referer: http://localhost:3000/
[Thu Dec 31 14:07:05.433261 2020] [php7:notice] [pid 10920:tid 1840] [client ::1:55587] PHP Notice:  Undefined variable: POST in C:\\xampp\\htdocs\\get_data.php on line 5, referer: http://localhost:3000/
[Thu Dec 31 14:07:05.433261 2020] [php7:notice] [pid 10920:tid 1840] [client ::1:55587] PHP Notice:  Trying to access array offset on value of type null in C:\\xampp\\htdocs\\get_data.php on line 5, referer: http://localhost:3000/
[Thu Dec 31 14:07:05.617598 2020] [php7:notice] [pid 10920:tid 1840] [client ::1:55587] PHP Notice:  Undefined variable: POST in C:\\xampp\\htdocs\\get_data.php on line 5, referer: http://localhost:3000/
[Thu Dec 31 14:07:05.617598 2020] [php7:notice] [pid 10920:tid 1840] [client ::1:55587] PHP Notice:  Trying to access array offset on value of type null in C:\\xampp\\htdocs\\get_data.php on line 5, referer: http://localhost:3000/
[Thu Dec 31 14:07:11.267266 2020] [php7:notice] [pid 10920:tid 1840] [client ::1:55603] PHP Notice:  Undefined variable: POST in C:\\xampp\\htdocs\\get_data.php on line 5, referer: http://localhost:3000/
[Thu Dec 31 14:07:11.267266 2020] [php7:notice] [pid 10920:tid 1840] [client ::1:55603] PHP Notice:  Trying to access array offset on value of type null in C:\\xampp\\htdocs\\get_data.php on line 5, referer: http://localhost:3000/
[Thu Dec 31 14:07:33.602655 2020] [php7:notice] [pid 10920:tid 1840] [client ::1:55624] PHP Notice:  Undefined variable: POST in C:\\xampp\\htdocs\\get_data.php on line 5, referer: http://localhost:3000/
[Thu Dec 31 14:07:33.602655 2020] [php7:notice] [pid 10920:tid 1840] [client ::1:55624] PHP Notice:  Trying to access array offset on value of type null in C:\\xampp\\htdocs\\get_data.php on line 5, referer: http://localhost:3000/
[Thu Dec 31 14:09:34.152552 2020] [php7:notice] [pid 10920:tid 1852] [client ::1:55687] PHP Notice:  Undefined variable: POST in C:\\xampp\\htdocs\\get_data.php on line 5, referer: http://localhost:3000/
[Thu Dec 31 14:09:34.152552 2020] [php7:notice] [pid 10920:tid 1852] [client ::1:55687] PHP Notice:  Trying to access array offset on value of type null in C:\\xampp\\htdocs\\get_data.php on line 5, referer: http://localhost:3000/
[Thu Dec 31 14:09:35.994466 2020] [php7:notice] [pid 10920:tid 1852] [client ::1:55687] PHP Notice:  Undefined variable: POST in C:\\xampp\\htdocs\\get_data.php on line 5, referer: http://localhost:3000/
[Thu Dec 31 14:09:35.994466 2020] [php7:notice] [pid 10920:tid 1852] [client ::1:55687] PHP Notice:  Trying to access array offset on value of type null in C:\\xampp\\htdocs\\get_data.php on line 5, referer: http://localhost:3000/
[Thu Dec 31 14:09:52.147589 2020] [php7:notice] [pid 10920:tid 1852] [client ::1:55696] PHP Notice:  Undefined variable: POST in C:\\xampp\\htdocs\\get_data.php on line 5, referer: http://localhost:3000/
[Thu Dec 31 14:09:52.147589 2020] [php7:notice] [pid 10920:tid 1852] [client ::1:55696] PHP Notice:  Trying to access array offset on value of type null in C:\\xampp\\htdocs\\get_data.php on line 5, referer: http://localhost:3000/
[Thu Dec 31 14:09:53.122371 2020] [php7:notice] [pid 10920:tid 1852] [client ::1:55696] PHP Notice:  Undefined variable: POST in C:\\xampp\\htdocs\\get_data.php on line 5, referer: http://localhost:3000/
[Thu Dec 31 14:09:53.122371 2020] [php7:notice] [pid 10920:tid 1852] [client ::1:55696] PHP Notice:  Trying to access array offset on value of type null in C:\\xampp\\htdocs\\get_data.php on line 5, referer: http://localhost:3000/
[Thu Dec 31 14:09:53.362212 2020] [php7:notice] [pid 10920:tid 1852] [client ::1:55696] PHP Notice:  Undefined variable: POST in C:\\xampp\\htdocs\\get_data.php on line 5, referer: http://localhost:3000/
[Thu Dec 31 14:09:53.362212 2020] [php7:notice] [pid 10920:tid 1852] [client ::1:55696] PHP Notice:  Trying to access array offset on value of type null in C:\\xampp\\htdocs\\get_data.php on line 5, referer: http://localhost:3000/
[Thu Dec 31 14:13:09.953611 2020] [php7:notice] [pid 10920:tid 1856] [client ::1:55810] PHP Notice:  Undefined variable: POST in C:\\xampp\\htdocs\\get_data.php on line 5, referer: http://localhost:3000/
[Thu Dec 31 14:13:09.953611 2020] [php7:notice] [pid 10920:tid 1856] [client ::1:55810] PHP Notice:  Trying to access array offset on value of type null in C:\\xampp\\htdocs\\get_data.php on line 5, referer: http://localhost:3000/
[Thu Dec 31 14:13:15.866495 2020] [php7:notice] [pid 10920:tid 1856] [client ::1:55810] PHP Notice:  Undefined variable: POST in C:\\xampp\\htdocs\\get_data.php on line 5, referer: http://localhost:3000/
[Thu Dec 31 14:13:15.866495 2020] [php7:notice] [pid 10920:tid 1856] [client ::1:55810] PHP Notice:  Trying to access array offset on value of type null in C:\\xampp\\htdocs\\get_data.php on line 5, referer: http://localhost:3000/
[Thu Dec 31 14:33:14.973218 2020] [php7:error] [pid 10920:tid 1840] [client ::1:56427] PHP Parse error:  syntax error, unexpected ')' in C:\\xampp\\htdocs\\get_data.php on line 8
[Thu Dec 31 14:34:10.253498 2020] [php7:error] [pid 10920:tid 1852] [client ::1:56428] PHP Parse error:  syntax error, unexpected '$data' (T_VARIABLE) in C:\\xampp\\htdocs\\get_data.php on line 10
[Thu Dec 31 14:34:21.950025 2020] [php7:error] [pid 10920:tid 1840] [client ::1:56454] PHP Parse error:  syntax error, unexpected '$data' (T_VARIABLE) in C:\\xampp\\htdocs\\get_data.php on line 10
[Thu Dec 31 14:34:59.519294 2020] [php7:error] [pid 10920:tid 1852] [client ::1:56473] PHP Parse error:  syntax error, unexpected '$data' (T_VARIABLE) in C:\\xampp\\htdocs\\get_data.php on line 10
[Thu Dec 31 14:35:00.459718 2020] [php7:error] [pid 10920:tid 1852] [client ::1:56473] PHP Parse error:  syntax error, unexpected '$data' (T_VARIABLE) in C:\\xampp\\htdocs\\get_data.php on line 10
[Thu Dec 31 14:37:25.621622 2020] [php7:error] [pid 10920:tid 1840] [client ::1:56589] PHP Parse error:  syntax error, unexpected '$data' (T_VARIABLE) in C:\\xampp\\htdocs\\get_data.php on line 10
[Thu Dec 31 14:37:26.485682 2020] [php7:error] [pid 10920:tid 1840] [client ::1:56589] PHP Parse error:  syntax error, unexpected '$data' (T_VARIABLE) in C:\\xampp\\htdocs\\get_data.php on line 10
[Thu Dec 31 14:37:26.644489 2020] [php7:error] [pid 10920:tid 1840] [client ::1:56589] PHP Parse error:  syntax error, unexpected '$data' (T_VARIABLE) in C:\\xampp\\htdocs\\get_data.php on line 10
[Thu Dec 31 14:37:26.971989 2020] [php7:error] [pid 10920:tid 1840] [client ::1:56589] PHP Parse error:  syntax error, unexpected '$data' (T_VARIABLE) in C:\\xampp\\htdocs\\get_data.php on line 10
[Thu Dec 31 14:37:27.139815 2020] [php7:error] [pid 10920:tid 1840] [client ::1:56589] PHP Parse error:  syntax error, unexpected '$data' (T_VARIABLE) in C:\\xampp\\htdocs\\get_data.php on line 10
[Thu Dec 31 14:37:27.317333 2020] [php7:error] [pid 10920:tid 1840] [client ::1:56589] PHP Parse error:  syntax error, unexpected '$data' (T_VARIABLE) in C:\\xampp\\htdocs\\get_data.php on line 10
[Thu Dec 31 14:38:20.119332 2020] [php7:error] [pid 10920:tid 1852] [client ::1:56590] PHP Parse error:  syntax error, unexpected '$data' (T_VARIABLE) in C:\\xampp\\htdocs\\get_data.php on line 10
[Thu Dec 31 14:38:20.820096 2020] [php7:error] [pid 10920:tid 1852] [client ::1:56590] PHP Parse error:  syntax error, unexpected '$data' (T_VARIABLE) in C:\\xampp\\htdocs\\get_data.php on line 10
[Thu Dec 31 14:38:20.980818 2020] [php7:error] [pid 10920:tid 1852] [client ::1:56590] PHP Parse error:  syntax error, unexpected '$data' (T_VARIABLE) in C:\\xampp\\htdocs\\get_data.php on line 10
[Thu Dec 31 14:38:21.164720 2020] [php7:error] [pid 10920:tid 1852] [client ::1:56590] PHP Parse error:  syntax error, unexpected '$data' (T_VARIABLE) in C:\\xampp\\htdocs\\get_data.php on line 10
[Thu Dec 31 14:40:57.588847 2020] [php7:error] [pid 10920:tid 1840] [client ::1:56736] PHP Parse error:  syntax error, unexpected '$data' (T_VARIABLE) in C:\\xampp\\htdocs\\get_data.php on line 10, referer: http://localhost:3000/
[Thu Dec 31 14:40:59.484130 2020] [php7:error] [pid 10920:tid 1840] [client ::1:56736] PHP Parse error:  syntax error, unexpected '$data' (T_VARIABLE) in C:\\xampp\\htdocs\\get_data.php on line 10, referer: http://localhost:3000/
[Thu Dec 31 14:41:00.483545 2020] [php7:error] [pid 10920:tid 1840] [client ::1:56736] PHP Parse error:  syntax error, unexpected '$data' (T_VARIABLE) in C:\\xampp\\htdocs\\get_data.php on line 10, referer: http://localhost:3000/
[Thu Dec 31 14:41:00.659863 2020] [php7:error] [pid 10920:tid 1840] [client ::1:56736] PHP Parse error:  syntax error, unexpected '$data' (T_VARIABLE) in C:\\xampp\\htdocs\\get_data.php on line 10, referer: http://localhost:3000/
[Thu Dec 31 14:41:01.172009 2020] [php7:error] [pid 10920:tid 1840] [client ::1:56736] PHP Parse error:  syntax error, unexpected '$data' (T_VARIABLE) in C:\\xampp\\htdocs\\get_data.php on line 10, referer: http://localhost:3000/
[Thu Dec 31 14:41:01.948851 2020] [php7:error] [pid 10920:tid 1840] [client ::1:56736] PHP Parse error:  syntax error, unexpected '$data' (T_VARIABLE) in C:\\xampp\\htdocs\\get_data.php on line 10, referer: http://localhost:3000/
[Thu Dec 31 14:41:03.964238 2020] [php7:error] [pid 10920:tid 1840] [client ::1:56736] PHP Parse error:  syntax error, unexpected '$data' (T_VARIABLE) in C:\\xampp\\htdocs\\get_data.php on line 10, referer: http://localhost:3000/
[Thu Dec 31 14:41:04.419876 2020] [php7:error] [pid 10920:tid 1840] [client ::1:56736] PHP Parse error:  syntax error, unexpected '$data' (T_VARIABLE) in C:\\xampp\\htdocs\\get_data.php on line 10, referer: http://localhost:3000/
[Thu Dec 31 14:41:04.762902 2020] [php7:error] [pid 10920:tid 1840] [client ::1:56736] PHP Parse error:  syntax error, unexpected '$data' (T_VARIABLE) in C:\\xampp\\htdocs\\get_data.php on line 10, referer: http://localhost:3000/
[Thu Dec 31 14:41:05.123878 2020] [php7:error] [pid 10920:tid 1840] [client ::1:56736] PHP Parse error:  syntax error, unexpected '$data' (T_VARIABLE) in C:\\xampp\\htdocs\\get_data.php on line 10, referer: http://localhost:3000/
[Thu Dec 31 14:41:05.691343 2020] [php7:error] [pid 10920:tid 1840] [client ::1:56736] PHP Parse error:  syntax error, unexpected '$data' (T_VARIABLE) in C:\\xampp\\htdocs\\get_data.php on line 10, referer: http://localhost:3000/
[Thu Dec 31 14:41:06.003879 2020] [php7:error] [pid 10920:tid 1840] [client ::1:56736] PHP Parse error:  syntax error, unexpected '$data' (T_VARIABLE) in C:\\xampp\\htdocs\\get_data.php on line 10, referer: http://localhost:3000/
[Thu Dec 31 14:41:07.251357 2020] [php7:error] [pid 10920:tid 1840] [client ::1:56736] PHP Parse error:  syntax error, unexpected '$data' (T_VARIABLE) in C:\\xampp\\htdocs\\get_data.php on line 10, referer: http://localhost:3000/
[Thu Dec 31 14:41:24.185749 2020] [php7:error] [pid 10920:tid 1840] [client ::1:56749] PHP Parse error:  syntax error, unexpected '$data' (T_VARIABLE) in C:\\xampp\\htdocs\\get_data.php on line 10, referer: http://localhost:3000/
[Thu Dec 31 14:41:28.123092 2020] [php7:error] [pid 10920:tid 1840] [client ::1:56749] PHP Parse error:  syntax error, unexpected '$data' (T_VARIABLE) in C:\\xampp\\htdocs\\get_data.php on line 10, referer: http://localhost:3000/
[Thu Dec 31 14:41:31.017721 2020] [php7:error] [pid 10920:tid 1840] [client ::1:56749] PHP Parse error:  syntax error, unexpected '$data' (T_VARIABLE) in C:\\xampp\\htdocs\\get_data.php on line 10, referer: http://localhost:3000/
[Thu Dec 31 14:41:53.397095 2020] [php7:notice] [pid 10920:tid 1840] [client ::1:56774] PHP Notice:  Trying to access array offset on value of type null in C:\\xampp\\htdocs\\get_data.php on line 11, referer: http://localhost:3000/
[Thu Dec 31 14:41:53.397095 2020] [php7:notice] [pid 10920:tid 1840] [client ::1:56774] PHP Notice:  Trying to access array offset on value of type null in C:\\xampp\\htdocs\\get_data.php on line 11, referer: http://localhost:3000/
[Thu Dec 31 14:41:58.124294 2020] [php7:notice] [pid 10920:tid 1840] [client ::1:56774] PHP Notice:  Undefined variable: POST in C:\\xampp\\htdocs\\get_data.php on line 5, referer: http://localhost:3000/
[Thu Dec 31 14:41:58.124294 2020] [php7:notice] [pid 10920:tid 1840] [client ::1:56774] PHP Notice:  Trying to access array offset on value of type null in C:\\xampp\\htdocs\\get_data.php on line 5, referer: http://localhost:3000/
[Thu Dec 31 14:43:24.259989 2020] [php7:notice] [pid 10920:tid 1840] [client ::1:56822] PHP Notice:  Trying to access array offset on value of type null in C:\\xampp\\htdocs\\get_data.php on line 11, referer: http://localhost:3000/
[Thu Dec 31 14:43:24.259989 2020] [php7:notice] [pid 10920:tid 1840] [client ::1:56822] PHP Notice:  Trying to access array offset on value of type null in C:\\xampp\\htdocs\\get_data.php on line 11, referer: http://localhost:3000/
[Thu Dec 31 14:43:25.291301 2020] [php7:notice] [pid 10920:tid 1840] [client ::1:56822] PHP Notice:  Trying to access array offset on value of type null in C:\\xampp\\htdocs\\get_data.php on line 11, referer: http://localhost:3000/
[Thu Dec 31 14:43:25.292276 2020] [php7:notice] [pid 10920:tid 1840] [client ::1:56822] PHP Notice:  Trying to access array offset on value of type null in C:\\xampp\\htdocs\\get_data.php on line 11, referer: http://localhost:3000/
[Thu Dec 31 14:43:32.543785 2020] [php7:notice] [pid 10920:tid 1856] [client ::1:56828] PHP Notice:  Trying to access array offset on value of type null in C:\\xampp\\htdocs\\get_data.php on line 11
[Thu Dec 31 14:43:32.544760 2020] [php7:notice] [pid 10920:tid 1856] [client ::1:56828] PHP Notice:  Trying to access array offset on value of type null in C:\\xampp\\htdocs\\get_data.php on line 11
[Thu Dec 31 14:43:41.146834 2020] [php7:notice] [pid 10920:tid 1856] [client ::1:56836] PHP Notice:  Trying to access array offset on value of type null in C:\\xampp\\htdocs\\get_data.php on line 11, referer: http://localhost:3000/
[Thu Dec 31 14:43:41.146834 2020] [php7:notice] [pid 10920:tid 1856] [client ::1:56836] PHP Notice:  Trying to access array offset on value of type null in C:\\xampp\\htdocs\\get_data.php on line 11, referer: http://localhost:3000/
[Thu Dec 31 14:44:38.890942 2020] [php7:notice] [pid 10920:tid 1852] [client ::1:56865] PHP Notice:  Trying to access array offset on value of type null in C:\\xampp\\htdocs\\get_data.php on line 11, referer: http://localhost:3000/
[Thu Dec 31 14:44:38.890942 2020] [php7:notice] [pid 10920:tid 1852] [client ::1:56865] PHP Notice:  Trying to access array offset on value of type null in C:\\xampp\\htdocs\\get_data.php on line 11, referer: http://localhost:3000/
[Thu Dec 31 14:44:40.892044 2020] [php7:notice] [pid 10920:tid 1852] [client ::1:56865] PHP Notice:  Trying to access array offset on value of type null in C:\\xampp\\htdocs\\get_data.php on line 11, referer: http://localhost:3000/
[Thu Dec 31 14:44:40.892044 2020] [php7:notice] [pid 10920:tid 1852] [client ::1:56865] PHP Notice:  Trying to access array offset on value of type null in C:\\xampp\\htdocs\\get_data.php on line 11, referer: http://localhost:3000/
[Thu Dec 31 14:44:56.341041 2020] [php7:notice] [pid 10920:tid 1852] [client ::1:56895] PHP Notice:  Trying to access array offset on value of type null in C:\\xampp\\htdocs\\get_data.php on line 11, referer: http://localhost:3000/
[Thu Dec 31 14:44:56.341041 2020] [php7:notice] [pid 10920:tid 1852] [client ::1:56895] PHP Notice:  Trying to access array offset on value of type null in C:\\xampp\\htdocs\\get_data.php on line 11, referer: http://localhost:3000/
[Thu Dec 31 14:47:50.988010 2020] [php7:notice] [pid 10920:tid 1852] [client ::1:56975] PHP Notice:  Trying to access array offset on value of type null in C:\\xampp\\htdocs\\get_data.php on line 11, referer: http://localhost:3000/
[Thu Dec 31 14:47:50.988010 2020] [php7:notice] [pid 10920:tid 1852] [client ::1:56975] PHP Notice:  Trying to access array offset on value of type null in C:\\xampp\\htdocs\\get_data.php on line 11, referer: http://localhost:3000/
[Thu Dec 31 14:48:11.787859 2020] [php7:notice] [pid 10920:tid 1852] [client ::1:56985] PHP Notice:  Trying to access array offset on value of type null in C:\\xampp\\htdocs\\get_data.php on line 11, referer: http://localhost:3000/
[Thu Dec 31 14:48:11.787859 2020] [php7:notice] [pid 10920:tid 1852] [client ::1:56985] PHP Notice:  Trying to access array offset on value of type null in C:\\xampp\\htdocs\\get_data.php on line 11, referer: http://localhost:3000/
[Thu Dec 31 14:50:16.682621 2020] [php7:notice] [pid 10920:tid 1852] [client ::1:57045] PHP Notice:  Trying to access array offset on value of type null in C:\\xampp\\htdocs\\get_data.php on line 11, referer: http://localhost:3000/
[Thu Dec 31 14:50:16.683595 2020] [php7:notice] [pid 10920:tid 1852] [client ::1:57045] PHP Notice:  Trying to access array offset on value of type null in C:\\xampp\\htdocs\\get_data.php on line 11, referer: http://localhost:3000/
[Thu Dec 31 14:50:17.540049 2020] [php7:notice] [pid 10920:tid 1852] [client ::1:57045] PHP Notice:  Trying to access array offset on value of type null in C:\\xampp\\htdocs\\get_data.php on line 11, referer: http://localhost:3000/
[Thu Dec 31 14:50:17.540049 2020] [php7:notice] [pid 10920:tid 1852] [client ::1:57045] PHP Notice:  Trying to access array offset on value of type null in C:\\xampp\\htdocs\\get_data.php on line 11, referer: http://localhost:3000/
[Thu Dec 31 14:50:18.220319 2020] [php7:notice] [pid 10920:tid 1852] [client ::1:57045] PHP Notice:  Trying to access array offset on value of type null in C:\\xampp\\htdocs\\get_data.php on line 11, referer: http://localhost:3000/
[Thu Dec 31 14:50:18.220319 2020] [php7:notice] [pid 10920:tid 1852] [client ::1:57045] PHP Notice:  Trying to access array offset on value of type null in C:\\xampp\\htdocs\\get_data.php on line 11, referer: http://localhost:3000/
[Thu Dec 31 14:50:19.060332 2020] [php7:notice] [pid 10920:tid 1852] [client ::1:57045] PHP Notice:  Trying to access array offset on value of type null in C:\\xampp\\htdocs\\get_data.php on line 11, referer: http://localhost:3000/
[Thu Dec 31 14:50:19.060332 2020] [php7:notice] [pid 10920:tid 1852] [client ::1:57045] PHP Notice:  Trying to access array offset on value of type null in C:\\xampp\\htdocs\\get_data.php on line 11, referer: http://localhost:3000/
[Thu Dec 31 14:50:21.956906 2020] [php7:notice] [pid 10920:tid 1852] [client ::1:57045] PHP Notice:  Trying to access array offset on value of type null in C:\\xampp\\htdocs\\get_data.php on line 11, referer: http://localhost:3000/
[Thu Dec 31 14:50:21.956906 2020] [php7:notice] [pid 10920:tid 1852] [client ::1:57045] PHP Notice:  Trying to access array offset on value of type null in C:\\xampp\\htdocs\\get_data.php on line 11, referer: http://localhost:3000/
[Thu Dec 31 14:50:24.532330 2020] [php7:notice] [pid 10920:tid 1852] [client ::1:57045] PHP Notice:  Trying to access array offset on value of type null in C:\\xampp\\htdocs\\get_data.php on line 11, referer: http://localhost:3000/
[Thu Dec 31 14:50:24.532330 2020] [php7:notice] [pid 10920:tid 1852] [client ::1:57045] PHP Notice:  Trying to access array offset on value of type null in C:\\xampp\\htdocs\\get_data.php on line 11, referer: http://localhost:3000/
[Thu Dec 31 14:50:26.067939 2020] [php7:notice] [pid 10920:tid 1852] [client ::1:57045] PHP Notice:  Trying to access array offset on value of type null in C:\\xampp\\htdocs\\get_data.php on line 11, referer: http://localhost:3000/
[Thu Dec 31 14:50:26.068915 2020] [php7:notice] [pid 10920:tid 1852] [client ::1:57045] PHP Notice:  Trying to access array offset on value of type null in C:\\xampp\\htdocs\\get_data.php on line 11, referer: http://localhost:3000/
[Thu Dec 31 14:50:26.260313 2020] [php7:notice] [pid 10920:tid 1852] [client ::1:57045] PHP Notice:  Trying to access array offset on value of type null in C:\\xampp\\htdocs\\get_data.php on line 11, referer: http://localhost:3000/
[Thu Dec 31 14:50:26.260313 2020] [php7:notice] [pid 10920:tid 1852] [client ::1:57045] PHP Notice:  Trying to access array offset on value of type null in C:\\xampp\\htdocs\\get_data.php on line 11, referer: http://localhost:3000/
[Thu Dec 31 14:50:26.459940 2020] [php7:notice] [pid 10920:tid 1852] [client ::1:57045] PHP Notice:  Trying to access array offset on value of type null in C:\\xampp\\htdocs\\get_data.php on line 11, referer: http://localhost:3000/
[Thu Dec 31 14:50:26.459940 2020] [php7:notice] [pid 10920:tid 1852] [client ::1:57045] PHP Notice:  Trying to access array offset on value of type null in C:\\xampp\\htdocs\\get_data.php on line 11, referer: http://localhost:3000/
[Thu Dec 31 14:50:26.627704 2020] [php7:notice] [pid 10920:tid 1852] [client ::1:57045] PHP Notice:  Trying to access array offset on value of type null in C:\\xampp\\htdocs\\get_data.php on line 11, referer: http://localhost:3000/
[Thu Dec 31 14:50:26.627704 2020] [php7:notice] [pid 10920:tid 1852] [client ::1:57045] PHP Notice:  Trying to access array offset on value of type null in C:\\xampp\\htdocs\\get_data.php on line 11, referer: http://localhost:3000/
[Thu Dec 31 14:50:28.044333 2020] [php7:notice] [pid 10920:tid 1852] [client ::1:57045] PHP Notice:  Trying to access array offset on value of type null in C:\\xampp\\htdocs\\get_data.php on line 11, referer: http://localhost:3000/
[Thu Dec 31 14:50:28.044333 2020] [php7:notice] [pid 10920:tid 1852] [client ::1:57045] PHP Notice:  Trying to access array offset on value of type null in C:\\xampp\\htdocs\\get_data.php on line 11, referer: http://localhost:3000/
[Thu Dec 31 14:50:28.532332 2020] [php7:notice] [pid 10920:tid 1852] [client ::1:57045] PHP Notice:  Trying to access array offset on value of type null in C:\\xampp\\htdocs\\get_data.php on line 11, referer: http://localhost:3000/
[Thu Dec 31 14:50:28.532332 2020] [php7:notice] [pid 10920:tid 1852] [client ::1:57045] PHP Notice:  Trying to access array offset on value of type null in C:\\xampp\\htdocs\\get_data.php on line 11, referer: http://localhost:3000/
[Thu Dec 31 14:50:28.908334 2020] [php7:notice] [pid 10920:tid 1852] [client ::1:57045] PHP Notice:  Trying to access array offset on value of type null in C:\\xampp\\htdocs\\get_data.php on line 11, referer: http://localhost:3000/
[Thu Dec 31 14:50:28.908334 2020] [php7:notice] [pid 10920:tid 1852] [client ::1:57045] PHP Notice:  Trying to access array offset on value of type null in C:\\xampp\\htdocs\\get_data.php on line 11, referer: http://localhost:3000/
[Thu Dec 31 14:51:07.415514 2020] [php7:notice] [pid 10920:tid 1852] [client ::1:57094] PHP Notice:  Trying to access array offset on value of type null in C:\\xampp\\htdocs\\get_data.php on line 12, referer: http://localhost:3000/
[Thu Dec 31 14:51:07.415514 2020] [php7:notice] [pid 10920:tid 1852] [client ::1:57094] PHP Notice:  Trying to access array offset on value of type null in C:\\xampp\\htdocs\\get_data.php on line 12, referer: http://localhost:3000/
[Thu Dec 31 14:51:08.484292 2020] [php7:notice] [pid 10920:tid 1852] [client ::1:57094] PHP Notice:  Trying to access array offset on value of type null in C:\\xampp\\htdocs\\get_data.php on line 12, referer: http://localhost:3000/
[Thu Dec 31 14:51:08.484292 2020] [php7:notice] [pid 10920:tid 1852] [client ::1:57094] PHP Notice:  Trying to access array offset on value of type null in C:\\xampp\\htdocs\\get_data.php on line 12, referer: http://localhost:3000/
[Thu Dec 31 14:51:09.212313 2020] [php7:notice] [pid 10920:tid 1852] [client ::1:57094] PHP Notice:  Trying to access array offset on value of type null in C:\\xampp\\htdocs\\get_data.php on line 12, referer: http://localhost:3000/
[Thu Dec 31 14:51:09.212313 2020] [php7:notice] [pid 10920:tid 1852] [client ::1:57094] PHP Notice:  Trying to access array offset on value of type null in C:\\xampp\\htdocs\\get_data.php on line 12, referer: http://localhost:3000/
[Thu Dec 31 14:51:09.740363 2020] [php7:notice] [pid 10920:tid 1852] [client ::1:57094] PHP Notice:  Trying to access array offset on value of type null in C:\\xampp\\htdocs\\get_data.php on line 12, referer: http://localhost:3000/
[Thu Dec 31 14:51:09.740363 2020] [php7:notice] [pid 10920:tid 1852] [client ::1:57094] PHP Notice:  Trying to access array offset on value of type null in C:\\xampp\\htdocs\\get_data.php on line 12, referer: http://localhost:3000/
[Thu Dec 31 14:51:10.260608 2020] [php7:notice] [pid 10920:tid 1852] [client ::1:57094] PHP Notice:  Trying to access array offset on value of type null in C:\\xampp\\htdocs\\get_data.php on line 12, referer: http://localhost:3000/
[Thu Dec 31 14:51:10.260608 2020] [php7:notice] [pid 10920:tid 1852] [client ::1:57094] PHP Notice:  Trying to access array offset on value of type null in C:\\xampp\\htdocs\\get_data.php on line 12, referer: http://localhost:3000/
[Thu Dec 31 14:51:11.643653 2020] [php7:notice] [pid 10920:tid 1852] [client ::1:57094] PHP Notice:  Trying to access array offset on value of type null in C:\\xampp\\htdocs\\get_data.php on line 12, referer: http://localhost:3000/
[Thu Dec 31 14:51:11.644629 2020] [php7:notice] [pid 10920:tid 1852] [client ::1:57094] PHP Notice:  Trying to access array offset on value of type null in C:\\xampp\\htdocs\\get_data.php on line 12, referer: http://localhost:3000/
[Thu Dec 31 14:51:54.872896 2020] [php7:notice] [pid 10920:tid 1852] [client ::1:57118] PHP Notice:  Trying to access array offset on value of type null in C:\\xampp\\htdocs\\get_data.php on line 12, referer: http://localhost:3000/
[Thu Dec 31 14:51:54.872896 2020] [php7:notice] [pid 10920:tid 1852] [client ::1:57118] PHP Notice:  Trying to access array offset on value of type null in C:\\xampp\\htdocs\\get_data.php on line 12, referer: http://localhost:3000/
[Thu Dec 31 14:52:32.292243 2020] [php7:notice] [pid 10920:tid 1856] [client ::1:57119] PHP Notice:  Trying to access array offset on value of type null in C:\\xampp\\htdocs\\get_data.php on line 12, referer: http://localhost:3000/
[Thu Dec 31 14:52:32.292243 2020] [php7:notice] [pid 10920:tid 1856] [client ::1:57119] PHP Notice:  Trying to access array offset on value of type null in C:\\xampp\\htdocs\\get_data.php on line 12, referer: http://localhost:3000/
[Thu Dec 31 14:52:40.637004 2020] [php7:notice] [pid 10920:tid 1852] [client ::1:57137] PHP Notice:  Trying to access array offset on value of type null in C:\\xampp\\htdocs\\get_data.php on line 12, referer: http://localhost:3000/
[Thu Dec 31 14:52:40.637004 2020] [php7:notice] [pid 10920:tid 1852] [client ::1:57137] PHP Notice:  Trying to access array offset on value of type null in C:\\xampp\\htdocs\\get_data.php on line 12, referer: http://localhost:3000/
[Thu Dec 31 14:57:35.542077 2020] [php7:notice] [pid 10920:tid 1856] [client ::1:57176] PHP Notice:  Trying to access array offset on value of type null in C:\\xampp\\htdocs\\get_data.php on line 12
[Thu Dec 31 14:57:35.542077 2020] [php7:notice] [pid 10920:tid 1856] [client ::1:57176] PHP Notice:  Trying to access array offset on value of type null in C:\\xampp\\htdocs\\get_data.php on line 12
[Thu Dec 31 15:23:28.775483 2020] [php7:notice] [pid 10920:tid 1852] [client ::1:57434] PHP Notice:  Trying to access array offset on value of type null in C:\\xampp\\htdocs\\get_data.php on line 12, referer: http://localhost:3000/
[Thu Dec 31 15:23:28.775483 2020] [php7:notice] [pid 10920:tid 1852] [client ::1:57434] PHP Notice:  Trying to access array offset on value of type null in C:\\xampp\\htdocs\\get_data.php on line 12, referer: http://localhost:3000/
